Log file open, 10/26/16 13:50:02
LogInit:Display: Running engine for game: SeniorDesignMain
LogPlatformFile: Not using cached read wrapper
LogInit:Display: RandInit(-1097952024) SRandInit(-1097952024).
LogTaskGraph: Started task graph with 5 named threads and 8 total threads with 1 sets of task threads.
LogStats: Stats thread started at 0.072475
LogPluginManager: Loaded Plugin Paper2D, From C:/Program Files (x86)/Epic Games/4.13/Engine/Plugins/2D/Paper2D/Paper2D.uplugin
LogPluginManager: Loaded Plugin LightPropagationVolume, From C:/Program Files (x86)/Epic Games/4.13/Engine/Plugins/Blendables/LightPropagationVolume/LightPropagationVolume.uplugin
LogPluginManager: Loaded Plugin BlankPlugin, From C:/Program Files (x86)/Epic Games/4.13/Engine/Plugins/Developer/BlankPlugin/BlankPlugin.uplugin
LogPluginManager: Loaded Plugin CodeLiteSourceCodeAccess, From C:/Program Files (x86)/Epic Games/4.13/Engine/Plugins/Developer/CodeLiteSourceCodeAccess/CodeLiteSourceCodeAccess.uplugin
LogPluginManager: Loaded Plugin GitSourceControl, From C:/Program Files (x86)/Epic Games/4.13/Engine/Plugins/Developer/GitSourceControl/GitSourceControl.uplugin
LogPluginManager: Loaded Plugin KDevelopSourceCodeAccess, From C:/Program Files (x86)/Epic Games/4.13/Engine/Plugins/Developer/KDevelopSourceCodeAccess/KDevelopSourceCodeAccess.uplugin
LogPluginManager: Loaded Plugin NullSourceCodeAccess, From C:/Program Files (x86)/Epic Games/4.13/Engine/Plugins/Developer/NullSourceCodeAccess/NullSourceCodeAccess.uplugin
LogPluginManager: Loaded Plugin OneSkyLocalizationService, From C:/Program Files (x86)/Epic Games/4.13/Engine/Plugins/Developer/OneSkyLocalizationService/OneSkyLocalizationService.uplugin
LogPluginManager: Loaded Plugin PerforceSourceControl, From C:/Program Files (x86)/Epic Games/4.13/Engine/Plugins/Developer/PerforceSourceControl/PerforceSourceControl.uplugin
LogPluginManager: Loaded Plugin SubversionSourceControl, From C:/Program Files (x86)/Epic Games/4.13/Engine/Plugins/Developer/SubversionSourceControl/SubversionSourceControl.uplugin
LogPluginManager: Loaded Plugin UObjectPlugin, From C:/Program Files (x86)/Epic Games/4.13/Engine/Plugins/Developer/UObjectPlugin/UObjectPlugin.uplugin
LogPluginManager: Loaded Plugin VisualStudioSourceCodeAccess, From C:/Program Files (x86)/Epic Games/4.13/Engine/Plugins/Developer/VisualStudioSourceCodeAccess/VisualStudioSourceCodeAccess.uplugin
LogPluginManager: Loaded Plugin XCodeSourceCodeAccess, From C:/Program Files (x86)/Epic Games/4.13/Engine/Plugins/Developer/XCodeSourceCodeAccess/XCodeSourceCodeAccess.uplugin
LogPluginManager: Loaded Plugin EpicSurvey, From C:/Program Files (x86)/Epic Games/4.13/Engine/Plugins/Editor/EpicSurvey/EpicSurvey.uplugin
LogPluginManager: Loaded Plugin MacGraphicsSwitching, From C:/Program Files (x86)/Epic Games/4.13/Engine/Plugins/Editor/MacGraphicsSwitching/MacGraphicsSwitching.uplugin
LogPluginManager: Loaded Plugin MobileLauncherProfileWizard, From C:/Program Files (x86)/Epic Games/4.13/Engine/Plugins/Editor/MobileLauncherProfileWizard/MobileLauncherProfileWizard.uplugin
LogPluginManager: Loaded Plugin PluginBrowser, From C:/Program Files (x86)/Epic Games/4.13/Engine/Plugins/Editor/PluginBrowser/PluginBrowser.uplugin
LogPluginManager: Loaded Plugin SpeedTreeImporter, From C:/Program Files (x86)/Epic Games/4.13/Engine/Plugins/Editor/SpeedTreeImporter/SpeedTreeImporter.uplugin
LogPluginManager: Loaded Plugin SuperSearchEditor, From C:/Program Files (x86)/Epic Games/4.13/Engine/Plugins/Editor/SuperSearchEditor/SuperSearchEditor.uplugin
LogPluginManager: Loaded Plugin AlembicImporter, From C:/Program Files (x86)/Epic Games/4.13/Engine/Plugins/Experimental/AlembicImporter/AlembicImporter.uplugin
LogPluginManager: Loaded Plugin BlueprintStats, From C:/Program Files (x86)/Epic Games/4.13/Engine/Plugins/Experimental/BlueprintStats/BlueprintStats.uplugin
LogPluginManager: Loaded Plugin CharacterAI, From C:/Program Files (x86)/Epic Games/4.13/Engine/Plugins/Experimental/CharacterAI/CharacterAI.uplugin
LogPluginManager: Loaded Plugin CodeEditor, From C:/Program Files (x86)/Epic Games/4.13/Engine/Plugins/Experimental/CodeEditor/CodeEditor.uplugin
LogPluginManager: Loaded Plugin CodeView, From C:/Program Files (x86)/Epic Games/4.13/Engine/Plugins/Experimental/CodeView/CodeView.uplugin
LogPluginManager: Loaded Plugin HTML5Networking, From C:/Program Files (x86)/Epic Games/4.13/Engine/Plugins/Experimental/HTML5Networking/HTML5Networking.uplugin
LogPluginManager: Loaded Plugin LiveEditor, From C:/Program Files (x86)/Epic Games/4.13/Engine/Plugins/Experimental/LiveEditor/LiveEditor.uplugin
LogPluginManager: Loaded Plugin OSVR, From C:/Program Files (x86)/Epic Games/4.13/Engine/Plugins/Experimental/OSVR/OSVR.uplugin
LogPluginManager: Loaded Plugin Phya, From C:/Program Files (x86)/Epic Games/4.13/Engine/Plugins/Experimental/Phya/Phya.uplugin
LogPluginManager: Loaded Plugin SignificanceManager, From C:/Program Files (x86)/Epic Games/4.13/Engine/Plugins/Experimental/SignificanceManager/SignificanceManager.uplugin
LogPluginManager: Loaded Plugin SimpleHMD, From C:/Program Files (x86)/Epic Games/4.13/Engine/Plugins/Experimental/SimpleHMD/SimpleHMD.uplugin
LogPluginManager: Loaded Plugin StereoPanorama, From C:/Program Files (x86)/Epic Games/4.13/Engine/Plugins/Experimental/StereoPanorama/StereoPanorama.uplugin
LogPluginManager: Loaded Plugin StructBox, From C:/Program Files (x86)/Epic Games/4.13/Engine/Plugins/Experimental/StructBox/StructBox.uplugin
LogPluginManager: Loaded Plugin AndroidMedia, From C:/Program Files (x86)/Epic Games/4.13/Engine/Plugins/Media/AndroidMedia/AndroidMedia.uplugin
LogPluginManager: Loaded Plugin AvfMedia, From C:/Program Files (x86)/Epic Games/4.13/Engine/Plugins/Media/AvfMedia/AvfMedia.uplugin
LogPluginManager: Loaded Plugin MediaPlayerEditor, From C:/Program Files (x86)/Epic Games/4.13/Engine/Plugins/Media/MediaPlayerEditor/MediaPlayerEditor.uplugin
LogPluginManager: Loaded Plugin WmfMedia, From C:/Program Files (x86)/Epic Games/4.13/Engine/Plugins/Media/WmfMedia/WmfMedia.uplugin
LogPluginManager: Loaded Plugin MessagingDebugger, From C:/Program Files (x86)/Epic Games/4.13/Engine/Plugins/Messaging/MessagingDebugger/MessagingDebugger.uplugin
LogPluginManager: Loaded Plugin TcpMessaging, From C:/Program Files (x86)/Epic Games/4.13/Engine/Plugins/Messaging/TcpMessaging/TcpMessaging.uplugin
LogPluginManager: Loaded Plugin UdpMessaging, From C:/Program Files (x86)/Epic Games/4.13/Engine/Plugins/Messaging/UdpMessaging/UdpMessaging.uplugin
LogPluginManager: Loaded Plugin LevelSequenceEditor, From C:/Program Files (x86)/Epic Games/4.13/Engine/Plugins/MovieScene/LevelSequenceEditor/LevelSequenceEditor.uplugin
LogPluginManager: Loaded Plugin MatineeToLevelSequence, From C:/Program Files (x86)/Epic Games/4.13/Engine/Plugins/MovieScene/MatineeToLevelSequence/MatineeToLevelSequence.uplugin
LogPluginManager: Loaded Plugin NetcodeUnitTest, From C:/Program Files (x86)/Epic Games/4.13/Engine/Plugins/NetcodeUnitTest/NetcodeUnitTest/NetcodeUnitTest.uplugin
LogPluginManager: Loaded Plugin NUTUnrealEngine4, From C:/Program Files (x86)/Epic Games/4.13/Engine/Plugins/NetcodeUnitTest/NUTUnrealEngine4/NUTUnrealEngine4.uplugin
LogPluginManager: Loaded Plugin OnlineSubsystemGooglePlay, From C:/Program Files (x86)/Epic Games/4.13/Engine/Plugins/Online/Android/OnlineSubsystemGooglePlay/OnlineSubsystemGooglePlay.uplugin
LogPluginManager: Loaded Plugin OnlineSubsystemIOS, From C:/Program Files (x86)/Epic Games/4.13/Engine/Plugins/Online/IOS/OnlineSubsystemIOS/OnlineSubsystemIOS.uplugin
LogPluginManager: Loaded Plugin OnlineFramework, From C:/Program Files (x86)/Epic Games/4.13/Engine/Plugins/Online/OnlineFramework/OnlineFramework.uplugin
LogPluginManager: Loaded Plugin OnlineSubsystem, From C:/Program Files (x86)/Epic Games/4.13/Engine/Plugins/Online/OnlineSubsystem/OnlineSubsystem.uplugin
LogPluginManager: Loaded Plugin OnlineSubsystemAmazon, From C:/Program Files (x86)/Epic Games/4.13/Engine/Plugins/Online/OnlineSubsystemAmazon/OnlineSubsystemAmazon.uplugin
LogPluginManager: Loaded Plugin OnlineSubsystemFacebook, From C:/Program Files (x86)/Epic Games/4.13/Engine/Plugins/Online/OnlineSubsystemFacebook/OnlineSubsystemFacebook.uplugin
LogPluginManager: Loaded Plugin OnlineSubsystemNull, From C:/Program Files (x86)/Epic Games/4.13/Engine/Plugins/Online/OnlineSubsystemNull/OnlineSubsystemNull.uplugin
LogPluginManager: Loaded Plugin OnlineSubsystemOculus, From C:/Program Files (x86)/Epic Games/4.13/Engine/Plugins/Online/OnlineSubsystemOculus/OnlineSubsystemOculus.uplugin
LogPluginManager: Loaded Plugin OnlineSubsystemSteam, From C:/Program Files (x86)/Epic Games/4.13/Engine/Plugins/Online/OnlineSubsystemSteam/OnlineSubsystemSteam.uplugin
LogPluginManager: Loaded Plugin OnlineSubsystemUtils, From C:/Program Files (x86)/Epic Games/4.13/Engine/Plugins/Online/OnlineSubsystemUtils/OnlineSubsystemUtils.uplugin
LogPluginManager: Loaded Plugin IOSTapJoy, From C:/Program Files (x86)/Epic Games/4.13/Engine/Plugins/Runtime/Advertising/IOSTapJoy/IOSTapJoy.uplugin
LogPluginManager: Loaded Plugin AnalyticsBlueprintLibrary, From C:/Program Files (x86)/Epic Games/4.13/Engine/Plugins/Runtime/Analytics/AnalyticsBlueprintLibrary/AnalyticsBlueprintLibrary.uplugin
LogPluginManager: Loaded Plugin AnalyticsMulticast, From C:/Program Files (x86)/Epic Games/4.13/Engine/Plugins/Runtime/Analytics/AnalyticsMulticast/AnalyticsMulticast.uplugin
LogPluginManager: Loaded Plugin Apsalar, From C:/Program Files (x86)/Epic Games/4.13/Engine/Plugins/Runtime/Analytics/Apsalar/Apsalar.uplugin
LogPluginManager: Loaded Plugin FileLogging, From C:/Program Files (x86)/Epic Games/4.13/Engine/Plugins/Runtime/Analytics/FileLogging/FileLogging.uplugin
LogPluginManager: Loaded Plugin Flurry, From C:/Program Files (x86)/Epic Games/4.13/Engine/Plugins/Runtime/Analytics/Flurry/Flurry.uplugin
LogPluginManager: Loaded Plugin AndroidDeviceProfileSelector, From C:/Program Files (x86)/Epic Games/4.13/Engine/Plugins/Runtime/AndroidDeviceProfileSelector/AndroidDeviceProfileSelector.uplugin
LogPluginManager: Loaded Plugin AndroidMoviePlayer, From C:/Program Files (x86)/Epic Games/4.13/Engine/Plugins/Runtime/AndroidMoviePlayer/AndroidMoviePlayer.uplugin
LogPluginManager: Loaded Plugin AppleMoviePlayer, From C:/Program Files (x86)/Epic Games/4.13/Engine/Plugins/Runtime/AppleMoviePlayer/AppleMoviePlayer.uplugin
LogPluginManager: Loaded Plugin ArchVisCharacter, From C:/Program Files (x86)/Epic Games/4.13/Engine/Plugins/Runtime/ArchVisCharacter/ArchVisCharacter.uplugin
LogPluginManager: Loaded Plugin CableComponent, From C:/Program Files (x86)/Epic Games/4.13/Engine/Plugins/Runtime/CableComponent/CableComponent.uplugin
LogPluginManager: Loaded Plugin CustomMeshComponent, From C:/Program Files (x86)/Epic Games/4.13/Engine/Plugins/Runtime/CustomMeshComponent/CustomMeshComponent.uplugin
LogPluginManager: Loaded Plugin ExampleDeviceProfileSelector, From C:/Program Files (x86)/Epic Games/4.13/Engine/Plugins/Runtime/ExampleDeviceProfileSelector/ExampleDeviceProfileSelector.uplugin
LogPluginManager: Loaded Plugin GearVR, From C:/Program Files (x86)/Epic Games/4.13/Engine/Plugins/Runtime/GearVR/GearVR.uplugin
LogPluginManager: Loaded Plugin GoogleVRController, From C:/Program Files (x86)/Epic Games/4.13/Engine/Plugins/Runtime/GoogleVR/GoogleVRController/GoogleVRController.uplugin
LogPluginManager: Loaded Plugin GoogleVRHMD, From C:/Program Files (x86)/Epic Games/4.13/Engine/Plugins/Runtime/GoogleVR/GoogleVRHMD/GoogleVRHMD.uplugin
LogPluginManager: Loaded Plugin IOSDeviceProfileSelector, From C:/Program Files (x86)/Epic Games/4.13/Engine/Plugins/Runtime/IOSDeviceProfileSelector/IOSDeviceProfileSelector.uplugin
LogPluginManager: Loaded Plugin LeapMotion, From C:/Program Files (x86)/Epic Games/4.13/Engine/Plugins/Runtime/LeapMotion/LeapMotion.uplugin
LogPluginManager: Loaded Plugin LinuxDeviceProfileSelector, From C:/Program Files (x86)/Epic Games/4.13/Engine/Plugins/Runtime/LinuxDeviceProfileSelector/LinuxDeviceProfileSelector.uplugin
LogPluginManager: Loaded Plugin LiveEditorListenServer, From C:/Program Files (x86)/Epic Games/4.13/Engine/Plugins/Runtime/LiveEditorListenServer/LiveEditorListenServer.uplugin
LogPluginManager: Loaded Plugin OculusAudio, From C:/Program Files (x86)/Epic Games/4.13/Engine/Plugins/Runtime/OculusAudio/OculusAudio.uplugin
LogPluginManager: Loaded Plugin OculusInput, From C:/Program Files (x86)/Epic Games/4.13/Engine/Plugins/Runtime/OculusInput/OculusInput.uplugin
LogPluginManager: Loaded Plugin OculusLibrary, From C:/Program Files (x86)/Epic Games/4.13/Engine/Plugins/Runtime/OculusLibrary/OculusLibrary.uplugin
LogPluginManager: Loaded Plugin OculusRift, From C:/Program Files (x86)/Epic Games/4.13/Engine/Plugins/Runtime/OculusRift/OculusRift.uplugin
LogPluginManager: Loaded Plugin Oodle, From C:/Program Files (x86)/Epic Games/4.13/Engine/Plugins/Runtime/PacketHandlers/CompressionComponents/Oodle/Oodle.uplugin
LogPluginManager: Loaded Plugin ProceduralMeshComponent, From C:/Program Files (x86)/Epic Games/4.13/Engine/Plugins/Runtime/ProceduralMeshComponent/ProceduralMeshComponent.uplugin
LogPluginManager: Loaded Plugin SoundMod, From C:/Program Files (x86)/Epic Games/4.13/Engine/Plugins/Runtime/SoundMod/SoundMod.uplugin
LogPluginManager: Loaded Plugin SoundVisualizations, From C:/Program Files (x86)/Epic Games/4.13/Engine/Plugins/Runtime/SoundVisualizations/SoundVisualizations.uplugin
LogPluginManager: Loaded Plugin SteamController, From C:/Program Files (x86)/Epic Games/4.13/Engine/Plugins/Runtime/Steam/SteamController/SteamController.uplugin
LogPluginManager: Loaded Plugin SteamVR, From C:/Program Files (x86)/Epic Games/4.13/Engine/Plugins/Runtime/Steam/SteamVR/SteamVR.uplugin
LogPluginManager: Loaded Plugin WebBrowserWidget, From C:/Program Files (x86)/Epic Games/4.13/Engine/Plugins/Runtime/WebBrowserWidget/WebBrowserWidget.uplugin
LogPluginManager: Loaded Plugin WindowsDeviceProfileSelector, From C:/Program Files (x86)/Epic Games/4.13/Engine/Plugins/Runtime/WindowsDeviceProfileSelector/WindowsDeviceProfileSelector.uplugin
LogPluginManager: Loaded Plugin WindowsMoviePlayer, From C:/Program Files (x86)/Epic Games/4.13/Engine/Plugins/Runtime/WindowsMoviePlayer/WindowsMoviePlayer.uplugin
LogPluginManager: Loaded Plugin ScriptPlugin, From C:/Program Files (x86)/Epic Games/4.13/Engine/Plugins/ScriptPlugin/ScriptPlugin.uplugin
LogPluginManager: Loaded Plugin SlateRemote, From C:/Program Files (x86)/Epic Games/4.13/Engine/Plugins/Slate/SlateRemote/SlateRemote.uplugin
LogInit: Using libcurl 7.47.1
LogInit:  - built for x86_64-pc-win32
LogInit:  - supports SSL with WinSSL
LogInit:  - other features:
LogInit:      CURL_VERSION_SSL
LogInit:      CURL_VERSION_IPV6
LogInit:      CURL_VERSION_ASYNCHDNS
LogInit:      CURL_VERSION_LARGEFILE
LogInit:      CURL_VERSION_IDN
LogInit:  CurlRequestOptions (configurable via config and command line):
LogInit:  - bVerifyPeer = false  - Libcurl will NOT verify peer certificate
LogInit:  - bUseHttpProxy = false  - Libcurl will NOT use HTTP proxy
LogInit:  - bDontReuseConnections = false  - Libcurl will reuse connections
LogInit:  - CertBundlePath = nullptr  - Libcurl will use whatever was configured at build time.
LogInit: Build: ++UE4+Release-4.13-CL-3172292
LogInit: Engine Version: 4.13.2-3172292+++UE4+Release-4.13
LogInit: Compatible Engine Version: 4.13.0-3106830+++UE4+Release-4.13
LogInit: Net CL: 3172292
LogDevObjectVersion: Number of dev versions registered: 13
LogDevObjectVersion:   Dev-Blueprints (B0D832E4-1F89-4F0D-ACCF-7EB736FD4AA2): 5
LogDevObjectVersion:   Dev-Build (E1C64328-A22C-4D53-A36C-8E866417BD8C): 0
LogDevObjectVersion:   Dev-Core (375EC13C-06E4-48FB-B500-84F0262A717E): 1
LogDevObjectVersion:   Dev-Editor (E4B068ED-F494-42E9-A231-DA0B2E46BB41): 6
LogDevObjectVersion:   Dev-Framework (CFFC743F-43B0-4480-9391-14DF171D2073): 12
LogDevObjectVersion:   Dev-Mobile (B02B49B5-BB20-44E9-A304-32B752E40360): 0
LogDevObjectVersion:   Dev-Networking (A4E4105C-59A1-49B5-A7C5-40C4547EDFEE): 0
LogDevObjectVersion:   Dev-Online (39C831C9-5AE6-47DC-9A44-9C173E1C8E7C): 0
LogDevObjectVersion:   Dev-Physics (78F01B33-EBEA-4F98-B9B4-84EACCB95AA2): 0
LogDevObjectVersion:   Dev-Platform (6631380F-2D4D-43E0-8009-CF276956A95A): 0
LogDevObjectVersion:   Dev-Rendering (12F88B9F-8875-4AFC-A67C-D90C383ABD29): 4
LogDevObjectVersion:   Dev-Sequencer (7B5AE74C-D270-4C10-A958-57980B212A5A): 0
LogDevObjectVersion:   Dev-VR (D7296918-1DD6-4BDD-9DE2-64A83CC13884): 0
LogInit: Compiled (64-bit): Oct 24 2016 14:29:06
LogInit: Compiled with Visual C++: 19.00.23026.00
LogInit: Build Configuration: Development
LogInit: Branch Name: ++UE4+Release-4.13
LogInit: Command line: -EpicPortal 
LogInit: Base directory: C:/Program Files (x86)/Epic Games/4.13/Engine/Binaries/Win64/
LogInit: Installed Engine Build: 1
LogInit: Presizing for max 8388607 objects, including 0 objects not considered by GC, pre-allocating 0 bytes for permanent pool.
LogInit: Object subsystem initialized
[2016.10.26-17.50.02:531][  0]LogInit: Selected Device Profile: [Windows]
[2016.10.26-17.50.02:531][  0]LogInit: Applying CVar settings loaded from the selected device profile: [Windows]
[2016.10.26-17.50.02:540][  0]LogInit: Computer: CCRHWP06622
[2016.10.26-17.50.02:540][  0]LogInit: User: seetinstall
[2016.10.26-17.50.02:540][  0]LogInit: CPU Page size=65536, Cores=4
[2016.10.26-17.50.02:540][  0]LogInit: High frequency timer resolution =3.507705 MHz
[2016.10.26-17.50.02:540][  0]LogMemory: Memory total: Physical=7.9GB (8GB approx)
[2016.10.26-17.50.02:540][  0]LogMemory: Platform Memory Stats for Windows
[2016.10.26-17.50.02:540][  0]LogMemory: Process Physical Memory: 257.53 MB used, 257.53 MB peak
[2016.10.26-17.50.02:540][  0]LogMemory: Process Virtual Memory: 262.07 MB used, 262.07 MB peak
[2016.10.26-17.50.02:540][  0]LogMemory: Physical Memory: 6566.34 MB used, 8098.34 MB total
[2016.10.26-17.50.02:540][  0]LogMemory: Virtual Memory: 591.86 MB used, 8388608.00 MB total
[2016.10.26-17.50.02:571][  0]LogTextLocalizationManager: No specific translations for ('en-US') exist, so ('en') translations will be used.
[2016.10.26-17.50.03:501][  0]LogD3D11RHI: D3D11 adapters:
[2016.10.26-17.50.03:513][  0]LogD3D11RHI:    0. 'NVIDIA GeForce GT 630' (Feature Level 11_0)
[2016.10.26-17.50.03:513][  0]LogD3D11RHI:       1990/0/2048 MB DedicatedVideo/DedicatedSystem/SharedSystem, Outputs:2, VendorId:0x10de
[2016.10.26-17.50.03:520][  0]LogD3D11RHI:    1. 'Intel(R) HD Graphics 4600' (Feature Level 11_0)
[2016.10.26-17.50.03:520][  0]LogD3D11RHI:       64/0/1632 MB DedicatedVideo/DedicatedSystem/SharedSystem, Outputs:0, VendorId:0x8086
[2016.10.26-17.50.03:520][  0]LogD3D11RHI: Chosen D3D11 Adapter: 0
[2016.10.26-17.50.03:525][  0]LogD3D11RHI: Creating new Direct3DDevice
[2016.10.26-17.50.03:525][  0]LogD3D11RHI:     GPU DeviceId: 0xfc2 (for the marketing name, search the web for "GPU Device Id")
[2016.10.26-17.50.03:525][  0]LogWindows: EnumDisplayDevices:
[2016.10.26-17.50.03:525][  0]LogWindows:    0. 'NVIDIA GeForce GT 630' (P:1 D:1)
[2016.10.26-17.50.03:525][  0]LogWindows:    1. 'NVIDIA GeForce GT 630' (P:0 D:1)
[2016.10.26-17.50.03:526][  0]LogWindows:    2. 'NVIDIA GeForce GT 630' (P:0 D:0)
[2016.10.26-17.50.03:526][  0]LogWindows:    3. 'NVIDIA GeForce GT 630' (P:0 D:0)
[2016.10.26-17.50.03:526][  0]LogWindows:    4. 'Intel(R) HD Graphics 4600' (P:0 D:0)
[2016.10.26-17.50.03:526][  0]LogWindows:    5. 'Intel(R) HD Graphics 4600' (P:0 D:0)
[2016.10.26-17.50.03:526][  0]LogWindows:    6. 'Intel(R) HD Graphics 4600' (P:0 D:0)
[2016.10.26-17.50.03:526][  0]LogWindows:    7. 'RDPDD Chained DD' (P:0 D:0)
[2016.10.26-17.50.03:526][  0]LogWindows:    8. 'RDP Encoder Mirror Driver' (P:0 D:0)
[2016.10.26-17.50.03:526][  0]LogWindows:    9. 'RDP Reflector Display Driver' (P:0 D:0)
[2016.10.26-17.50.03:526][  0]LogWindows:    10. 'PCI GDIHOOK5' (P:0 D:0)
[2016.10.26-17.50.03:526][  0]LogWindows: DebugString: PrimaryIsNotTheChoosenAdapter PrimaryIsNotTheChoosenAdapter PrimaryIsNotTheChoosenAdapter GetVideoDriverDetailsInvalid PrimaryIsNotTheChoosenAdapter GetVideoDriverDetailsInvalid PrimaryIsNotTheChoosenAdapter GetVideoDriverDetailsInvalid PrimaryIsNotTheChoosenAdapter GetVideoDriverDetailsInvalid PrimaryIsNotTheChoosenAdapter FoundDriverCount:4 
[2016.10.26-17.50.03:526][  0]LogD3D11RHI:     Adapter Name: NVIDIA GeForce GT 630
[2016.10.26-17.50.03:526][  0]LogD3D11RHI:   Driver Version: 333.43 (internal:9.18.13.3343, unified:333.43)
[2016.10.26-17.50.03:526][  0]LogD3D11RHI:      Driver Date: 7-22-2014
[2016.10.26-17.50.03:526][  0]LogRHI: Texture pool is 1361 MB (70% of 1945 MB)
[2016.10.26-17.50.03:532][  0]LogD3D11RHI: Async texture creation enabled
[2016.10.26-17.50.03:543][  0]LogD3D11RHI: GPU Timing Frequency: 1000.000000 (Debug: 2 1)
[2016.10.26-17.50.05:569][  0]LogShaderCompilers: Guid format shader working directory is 30 characters bigger than the processId version (E:/SeniorDesignMain/Intermediate/Shaders/WorkingDirectory/9704/).
[2016.10.26-17.50.05:570][  0]LogShaderCompilers: Cleaned the shader compiler working directory 'C:/Users/SEETIN~1/AppData/Local/Temp/UnrealShaderWorkingDir/4DB6788F4CF4DCF9F04C268D0B9E987C/'.
[2016.10.26-17.50.05:570][  0]LogShaderCompilers:Display: Using Local Shader Compiler.
[2016.10.26-17.50.06:908][  0]LogTemp:Display: Loaded TP AllDesktopTargetPlatform
[2016.10.26-17.50.06:914][  0]LogTemp:Display: Loaded TP WindowsClientTargetPlatform
[2016.10.26-17.50.06:921][  0]LogTemp:Display: Loaded TP WindowsNoEditorTargetPlatform
[2016.10.26-17.50.06:929][  0]LogTemp:Display: Loaded TP WindowsServerTargetPlatform
[2016.10.26-17.50.06:935][  0]LogTemp:Display: Loaded TP WindowsTargetPlatform
[2016.10.26-17.50.06:940][  0]LogTemp:Display: Loaded TP AndroidTargetPlatform
[2016.10.26-17.50.06:946][  0]LogTemp:Display: Loaded TP Android_ASTCTargetPlatform
[2016.10.26-17.50.06:951][  0]LogTemp:Display: Loaded TP Android_ATCTargetPlatform
[2016.10.26-17.50.06:957][  0]LogTemp:Display: Loaded TP Android_DXTTargetPlatform
[2016.10.26-17.50.06:962][  0]LogTemp:Display: Loaded TP Android_ETC1TargetPlatform
[2016.10.26-17.50.06:967][  0]LogTemp:Display: Loaded TP Android_ETC2TargetPlatform
[2016.10.26-17.50.06:981][  0]LogTemp:Display: Loaded TP Android_MultiTargetPlatform
[2016.10.26-17.50.06:981][  0]LogTemp:Display: Loaded TP Android_PVRTCTargetPlatform
[2016.10.26-17.50.06:981][  0]LogTemp:Display: Loaded TP HTML5TargetPlatform
[2016.10.26-17.50.07:003][  0]LogTemp:Display: Loaded TP IOSTargetPlatform
[2016.10.26-17.50.07:008][  0]LogTemp:Display: Loaded TP TVOSTargetPlatform
[2016.10.26-17.50.07:013][  0]LogTemp:Display: Loaded TP LinuxClientTargetPlatform
[2016.10.26-17.50.07:018][  0]LogTemp:Display: Loaded TP LinuxNoEditorTargetPlatform
[2016.10.26-17.50.07:023][  0]LogTemp:Display: Loaded TP LinuxServerTargetPlatform
[2016.10.26-17.50.07:029][  0]LogTemp:Display: Loaded TP LinuxTargetPlatform
[2016.10.26-17.50.07:029][  0]LogTargetPlatformManager:Display: Building Assets For Windows
[2016.10.26-17.50.07:077][  0]LogDerivedDataCache:Display: Max Cache Size: 512 MB
[2016.10.26-17.50.07:655][  0]LogDerivedDataCache: Loaded boot cache 0.58s 76MB C:/Users/seetinstall/AppData/Local/UnrealEngine/4.13/DerivedDataCache/Boot.ddc.
[2016.10.26-17.50.07:655][  0]LogDerivedDataCache:Display: Loaded Boot cache: C:/Users/seetinstall/AppData/Local/UnrealEngine/4.13/DerivedDataCache/Boot.ddc
[2016.10.26-17.50.07:655][  0]LogDerivedDataCache: FDerivedDataBackendGraph:  Pak pak cache file E:/SeniorDesignMain/DerivedDataCache/DDC.ddp not found, will not use a pak cache.
[2016.10.26-17.50.07:655][  0]LogDerivedDataCache: Unable to find inner node Pak for hierarchical cache Hierarchy.
[2016.10.26-17.50.07:655][  0]LogDerivedDataCache: FDerivedDataBackendGraph:  CompressedPak pak cache file E:/SeniorDesignMain/DerivedDataCache/Compressed.ddp not found, will not use a pak cache.
[2016.10.26-17.50.07:655][  0]LogDerivedDataCache: Unable to find inner node CompressedPak for hierarchical cache Hierarchy.
[2016.10.26-17.50.07:678][  0]LogDerivedDataCache:Display: Pak cache opened for reading ../../../Engine/DerivedDataCache/Compressed.ddp.
[2016.10.26-17.50.07:689][  0]LogDerivedDataCache: Using Local data cache path C:/Users/seetinstall/AppData/Local/UnrealEngine/Common/DerivedDataCache: Writable
[2016.10.26-17.50.07:857][  0]LogInit: Selected Device Profile: [Windows]
[2016.10.26-17.50.07:860][  0]LogMaterial: Uniform references updated for custom material expression Custom.
[2016.10.26-17.50.07:860][  0]LogContentStreaming: Texture pool size is 0.00 MB
[2016.10.26-17.50.08:027][  0]LogMeshUtilities: No automatic mesh reduction module available
[2016.10.26-17.50.08:027][  0]LogMeshUtilities: No automatic mesh merging module available
[2016.10.26-17.50.08:027][  0]LogMeshUtilities: No distributed automatic mesh merging module available
[2016.10.26-17.50.08:447][  0]LogNetVersion: GetLocalNetworkVersion: CL: 3106830, ProjectName: seniordesignmain, ProjectVersion: , EngineNetworkVersion: 1, GameNetworkVersion: 0, NetworkChecksum: 302061396
[2016.10.26-17.50.08:482][  0]LogAssetRegistry: FAssetRegistry took 0.0198 seconds to start up
[2016.10.26-17.50.08:591][  0]LogPackageLocalizationCache: Processed 3 localized package path(s) for 2 prioritized culture(s) in 0.107511 seconds
[2016.10.26-17.50.08:597][  0]LogUObjectArray: 29778 objects as part of root set at end of initial load.
[2016.10.26-17.50.08:597][  0]LogUObjectAllocator: 6125456 out of 0 bytes used by permanent object pool.
[2016.10.26-17.50.08:597][  0]LogUObjectArray: CloseDisregardForGC: 0/0 objects in disregard for GC pool
[2016.10.26-17.50.08:601][  0]LogInit: WinSock: version 1.1 (2.2), MaxSocks=32767, MaxUdp=65467
[2016.10.26-17.50.08:882][  0]LogSlate: SlateFontCache - WITH_FREETYPE: 1, WITH_HARFBUZZ: 1
[2016.10.26-17.50.08:883][  0]LogSlate: SlateFontCache - WITH_FREETYPE: 1, WITH_HARFBUZZ: 1
[2016.10.26-17.50.14:700][  0]LogTcpMessaging: Initializing TcpMessaging bridge
[2016.10.26-17.50.14:736][  0]LogUdpMessaging: Initializing bridge on interface 0.0.0.0:0 to multicast group 230.0.0.1:6666.
[2016.10.26-17.50.15:312][  0]SourceControl: Info Source control is disabled
[2016.10.26-17.50.15:334][  0]SourceControl: Info Source control is disabled
[2016.10.26-17.50.15:340][  0]SourceControl: Info Source control is disabled
[2016.10.26-17.50.15:344][  0]SourceControl: Info Source control is disabled
[2016.10.26-17.50.15:566][  0]LogEngine: Initializing Engine...
[2016.10.26-17.50.15:566][  0]LogHMD: Failed to initialize OpenVR with code 110
[2016.10.26-17.50.15:690][  0]LogAIModule: Creating AISystem for world Untitled
[2016.10.26-17.50.15:697][  0]LogInit: XAudio2 using 'Speakers (Realtek High Definition Audio)' : 2 channels at 48 kHz using 32 bits per sample (channel mask 0x3)
[2016.10.26-17.50.15:734][  0]LogInit: FAudioDevice initialized.
[2016.10.26-17.50.15:776][  0]LogDerivedDataCache: Saved boot cache 0.04s 62MB C:/Users/seetinstall/AppData/Local/UnrealEngine/4.13/DerivedDataCache/Boot.ddc.
[2016.10.26-17.50.15:789][  0]LogInit: Texture streaming: Enabled
[2016.10.26-17.50.15:807][  0]LogInit: Transaction tracking system initialized
[2016.10.26-17.50.15:823][  0]BlueprintLog: New page: Editor Load
[2016.10.26-17.50.15:943][  0]LocalizationService: Info Localization service is disabled
[2016.10.26-17.50.16:103][  0]LogConsoleResponse:Display: 
[2016.10.26-17.50.16:192][  0]LogCook:Display: Max memory allowance for cook 16384mb min free memory 0mb
[2016.10.26-17.50.16:192][  0]LogCook:Display: Mobile HDR setting 1
[2016.10.26-17.50.16:400][  0]LogFileCache: Scanning file cache for directory 'E:/SeniorDesignMain/Content/' took 0.01s
[2016.10.26-17.50.16:400][  0]SourceControl: Info Source control is disabled
[2016.10.26-17.50.16:401][  0]LogFactory: FactoryCreateFile: PackFactory with PackFactory (0 0 C:/Program Files (x86)/Epic Games/4.13/FeaturePacks/StarterContent.upack)
[2016.10.26-17.50.16:410][  0]LogPackFactory: Finished extracting 8 files (including 0 errors).
[2016.10.26-17.50.16:430][  0]LogPackFactory: Copied "../../../Samples/StarterContent/Content/StarterContent/Architecture/Floor_400x400.uasset" to "E:/SeniorDesignMain/Content/StarterContent/Architecture/Floor_400x400.uasset"
[2016.10.26-17.50.16:437][  0]LogPackFactory: Copied "../../../Samples/StarterContent/Content/StarterContent/Architecture/Pillar_50x500.uasset" to "E:/SeniorDesignMain/Content/StarterContent/Architecture/Pillar_50x500.uasset"
[2016.10.26-17.50.16:457][  0]LogPackFactory: Copied "../../../Samples/StarterContent/Content/StarterContent/Architecture/SM_AssetPlatform.uasset" to "E:/SeniorDesignMain/Content/StarterContent/Architecture/SM_AssetPlatform.uasset"
[2016.10.26-17.50.16:464][  0]LogPackFactory: Copied "../../../Samples/StarterContent/Content/StarterContent/Architecture/Wall_400x200.uasset" to "E:/SeniorDesignMain/Content/StarterContent/Architecture/Wall_400x200.uasset"
[2016.10.26-17.50.16:472][  0]LogPackFactory: Copied "../../../Samples/StarterContent/Content/StarterContent/Architecture/Wall_400x300.uasset" to "E:/SeniorDesignMain/Content/StarterContent/Architecture/Wall_400x300.uasset"
[2016.10.26-17.50.16:479][  0]LogPackFactory: Copied "../../../Samples/StarterContent/Content/StarterContent/Architecture/Wall_400x400.uasset" to "E:/SeniorDesignMain/Content/StarterContent/Architecture/Wall_400x400.uasset"
[2016.10.26-17.50.16:493][  0]LogPackFactory: Copied "../../../Samples/StarterContent/Content/StarterContent/Architecture/Wall_500x500.uasset" to "E:/SeniorDesignMain/Content/StarterContent/Architecture/Wall_500x500.uasset"
[2016.10.26-17.50.16:501][  0]LogPackFactory: Copied "../../../Samples/StarterContent/Content/StarterContent/Architecture/Wall_Door_400x300.uasset" to "E:/SeniorDesignMain/Content/StarterContent/Architecture/Wall_Door_400x300.uasset"
[2016.10.26-17.50.16:509][  0]LogPackFactory: Copied "../../../Samples/StarterContent/Content/StarterContent/Architecture/Wall_Door_400x400.uasset" to "E:/SeniorDesignMain/Content/StarterContent/Architecture/Wall_Door_400x400.uasset"
[2016.10.26-17.50.16:516][  0]LogPackFactory: Copied "../../../Samples/StarterContent/Content/StarterContent/Architecture/Wall_Window_400x300.uasset" to "E:/SeniorDesignMain/Content/StarterContent/Architecture/Wall_Window_400x300.uasset"
[2016.10.26-17.50.16:529][  0]LogPackFactory: Copied "../../../Samples/StarterContent/Content/StarterContent/Architecture/Wall_Window_400x400.uasset" to "E:/SeniorDesignMain/Content/StarterContent/Architecture/Wall_Window_400x400.uasset"
[2016.10.26-17.50.16:546][  0]LogPackFactory: Copied "../../../Samples/StarterContent/Content/StarterContent/Audio/Collapse01.uasset" to "E:/SeniorDesignMain/Content/StarterContent/Audio/Collapse01.uasset"
[2016.10.26-17.50.16:563][  0]LogPackFactory: Copied "../../../Samples/StarterContent/Content/StarterContent/Audio/Collapse02.uasset" to "E:/SeniorDesignMain/Content/StarterContent/Audio/Collapse02.uasset"
[2016.10.26-17.50.16:567][  0]LogPackFactory: Copied "../../../Samples/StarterContent/Content/StarterContent/Audio/Collapse_Cue.uasset" to "E:/SeniorDesignMain/Content/StarterContent/Audio/Collapse_Cue.uasset"
[2016.10.26-17.50.16:581][  0]LogPackFactory: Copied "../../../Samples/StarterContent/Content/StarterContent/Audio/Explosion01.uasset" to "E:/SeniorDesignMain/Content/StarterContent/Audio/Explosion01.uasset"
[2016.10.26-17.50.16:596][  0]LogPackFactory: Copied "../../../Samples/StarterContent/Content/StarterContent/Audio/Explosion02.uasset" to "E:/SeniorDesignMain/Content/StarterContent/Audio/Explosion02.uasset"
[2016.10.26-17.50.16:602][  0]LogPackFactory: Copied "../../../Samples/StarterContent/Content/StarterContent/Audio/Explosion_Cue.uasset" to "E:/SeniorDesignMain/Content/StarterContent/Audio/Explosion_Cue.uasset"
[2016.10.26-17.50.16:622][  0]LogPackFactory: Copied "../../../Samples/StarterContent/Content/StarterContent/Audio/Fire01.uasset" to "E:/SeniorDesignMain/Content/StarterContent/Audio/Fire01.uasset"
[2016.10.26-17.50.16:640][  0]LogPackFactory: Copied "../../../Samples/StarterContent/Content/StarterContent/Audio/Fire01_Cue.uasset" to "E:/SeniorDesignMain/Content/StarterContent/Audio/Fire01_Cue.uasset"
[2016.10.26-17.50.16:669][  0]LogPackFactory: Copied "../../../Samples/StarterContent/Content/StarterContent/Audio/Fire_Sparks01.uasset" to "E:/SeniorDesignMain/Content/StarterContent/Audio/Fire_Sparks01.uasset"
[2016.10.26-17.50.16:673][  0]LogPackFactory: Copied "../../../Samples/StarterContent/Content/StarterContent/Audio/Fire_Sparks01_Cue.uasset" to "E:/SeniorDesignMain/Content/StarterContent/Audio/Fire_Sparks01_Cue.uasset"
[2016.10.26-17.50.16:690][  0]LogPackFactory: Copied "../../../Samples/StarterContent/Content/StarterContent/Audio/Light01.uasset" to "E:/SeniorDesignMain/Content/StarterContent/Audio/Light01.uasset"
[2016.10.26-17.50.16:695][  0]LogPackFactory: Copied "../../../Samples/StarterContent/Content/StarterContent/Audio/Light01_Cue.uasset" to "E:/SeniorDesignMain/Content/StarterContent/Audio/Light01_Cue.uasset"
[2016.10.26-17.50.16:712][  0]LogPackFactory: Copied "../../../Samples/StarterContent/Content/StarterContent/Audio/Light02.uasset" to "E:/SeniorDesignMain/Content/StarterContent/Audio/Light02.uasset"
[2016.10.26-17.50.16:717][  0]LogPackFactory: Copied "../../../Samples/StarterContent/Content/StarterContent/Audio/Light02_Cue.uasset" to "E:/SeniorDesignMain/Content/StarterContent/Audio/Light02_Cue.uasset"
[2016.10.26-17.50.16:737][  0]LogPackFactory: Copied "../../../Samples/StarterContent/Content/StarterContent/Audio/Smoke01.uasset" to "E:/SeniorDesignMain/Content/StarterContent/Audio/Smoke01.uasset"
[2016.10.26-17.50.16:742][  0]LogPackFactory: Copied "../../../Samples/StarterContent/Content/StarterContent/Audio/Smoke01_Cue.uasset" to "E:/SeniorDesignMain/Content/StarterContent/Audio/Smoke01_Cue.uasset"
[2016.10.26-17.50.16:747][  0]LogPackFactory: Copied "../../../Samples/StarterContent/Content/StarterContent/Audio/Starter_Background_Cue.uasset" to "E:/SeniorDesignMain/Content/StarterContent/Audio/Starter_Background_Cue.uasset"
[2016.10.26-17.50.16:829][  0]LogPackFactory: Copied "../../../Samples/StarterContent/Content/StarterContent/Audio/Starter_Birds01.uasset" to "E:/SeniorDesignMain/Content/StarterContent/Audio/Starter_Birds01.uasset"
[2016.10.26-17.50.17:628][  0]LogPackFactory: Copied "../../../Samples/StarterContent/Content/StarterContent/Audio/Starter_Music01.uasset" to "E:/SeniorDesignMain/Content/StarterContent/Audio/Starter_Music01.uasset"
[2016.10.26-17.50.17:646][  0]LogPackFactory: Copied "../../../Samples/StarterContent/Content/StarterContent/Audio/Starter_Music_Cue.uasset" to "E:/SeniorDesignMain/Content/StarterContent/Audio/Starter_Music_Cue.uasset"
[2016.10.26-17.50.17:718][  0]LogPackFactory: Copied "../../../Samples/StarterContent/Content/StarterContent/Audio/Starter_Wind05.uasset" to "E:/SeniorDesignMain/Content/StarterContent/Audio/Starter_Wind05.uasset"
[2016.10.26-17.50.17:786][  0]LogPackFactory: Copied "../../../Samples/StarterContent/Content/StarterContent/Audio/Starter_Wind06.uasset" to "E:/SeniorDesignMain/Content/StarterContent/Audio/Starter_Wind06.uasset"
[2016.10.26-17.50.17:817][  0]LogPackFactory: Copied "../../../Samples/StarterContent/Content/StarterContent/Audio/Steam01.uasset" to "E:/SeniorDesignMain/Content/StarterContent/Audio/Steam01.uasset"
[2016.10.26-17.50.17:821][  0]LogPackFactory: Copied "../../../Samples/StarterContent/Content/StarterContent/Audio/Steam01_Cue.uasset" to "E:/SeniorDesignMain/Content/StarterContent/Audio/Steam01_Cue.uasset"
[2016.10.26-17.50.17:833][  0]LogPackFactory: Copied "../../../Samples/StarterContent/Content/StarterContent/Blueprints/Blueprint_CeilingLight.uasset" to "E:/SeniorDesignMain/Content/StarterContent/Blueprints/Blueprint_CeilingLight.uasset"
[2016.10.26-17.50.17:841][  0]LogPackFactory: Copied "../../../Samples/StarterContent/Content/StarterContent/Blueprints/Blueprint_Effect_Explosion.uasset" to "E:/SeniorDesignMain/Content/StarterContent/Blueprints/Blueprint_Effect_Explosion.uasset"
[2016.10.26-17.50.17:850][  0]LogPackFactory: Copied "../../../Samples/StarterContent/Content/StarterContent/Blueprints/Blueprint_Effect_Fire.uasset" to "E:/SeniorDesignMain/Content/StarterContent/Blueprints/Blueprint_Effect_Fire.uasset"
[2016.10.26-17.50.17:857][  0]LogPackFactory: Copied "../../../Samples/StarterContent/Content/StarterContent/Blueprints/Blueprint_Effect_Smoke.uasset" to "E:/SeniorDesignMain/Content/StarterContent/Blueprints/Blueprint_Effect_Smoke.uasset"
[2016.10.26-17.50.17:864][  0]LogPackFactory: Copied "../../../Samples/StarterContent/Content/StarterContent/Blueprints/Blueprint_Effect_Sparks.uasset" to "E:/SeniorDesignMain/Content/StarterContent/Blueprints/Blueprint_Effect_Sparks.uasset"
[2016.10.26-17.50.17:873][  0]LogPackFactory: Copied "../../../Samples/StarterContent/Content/StarterContent/Blueprints/Blueprint_Effect_Steam.uasset" to "E:/SeniorDesignMain/Content/StarterContent/Blueprints/Blueprint_Effect_Steam.uasset"
[2016.10.26-17.50.17:885][  0]LogPackFactory: Copied "../../../Samples/StarterContent/Content/StarterContent/Blueprints/Blueprint_WallSconce.uasset" to "E:/SeniorDesignMain/Content/StarterContent/Blueprints/Blueprint_WallSconce.uasset"
[2016.10.26-17.50.17:901][  0]LogPackFactory: Copied "../../../Samples/StarterContent/Content/StarterContent/Blueprints/BP_LightStudio.uasset" to "E:/SeniorDesignMain/Content/StarterContent/Blueprints/BP_LightStudio.uasset"
[2016.10.26-17.50.17:906][  0]LogPackFactory: Copied "../../../Samples/StarterContent/Content/StarterContent/Blueprints/Assets/FogBrightnessLUT.uasset" to "E:/SeniorDesignMain/Content/StarterContent/Blueprints/Assets/FogBrightnessLUT.uasset"
[2016.10.26-17.50.17:914][  0]LogPackFactory: Copied "../../../Samples/StarterContent/Content/StarterContent/Blueprints/Assets/M_LightStage_Arrows.uasset" to "E:/SeniorDesignMain/Content/StarterContent/Blueprints/Assets/M_LightStage_Arrows.uasset"
[2016.10.26-17.50.17:922][  0]LogPackFactory: Copied "../../../Samples/StarterContent/Content/StarterContent/Blueprints/Assets/M_LightStage_Skybox_Black.uasset" to "E:/SeniorDesignMain/Content/StarterContent/Blueprints/Assets/M_LightStage_Skybox_Black.uasset"
[2016.10.26-17.50.17:954][  0]LogPackFactory: Copied "../../../Samples/StarterContent/Content/StarterContent/Blueprints/Assets/M_LightStage_Skybox_HDRI.uasset" to "E:/SeniorDesignMain/Content/StarterContent/Blueprints/Assets/M_LightStage_Skybox_HDRI.uasset"
[2016.10.26-17.50.17:962][  0]LogPackFactory: Copied "../../../Samples/StarterContent/Content/StarterContent/Blueprints/Assets/M_LightStage_Skybox_Master.uasset" to "E:/SeniorDesignMain/Content/StarterContent/Blueprints/Assets/M_LightStage_Skybox_Master.uasset"
[2016.10.26-17.50.17:986][  0]LogPackFactory: Copied "../../../Samples/StarterContent/Content/StarterContent/Blueprints/Assets/Skybox.uasset" to "E:/SeniorDesignMain/Content/StarterContent/Blueprints/Assets/Skybox.uasset"
[2016.10.26-17.50.18:008][  0]LogPackFactory: Copied "../../../Samples/StarterContent/Content/StarterContent/Blueprints/Assets/SM_Arrows.uasset" to "E:/SeniorDesignMain/Content/StarterContent/Blueprints/Assets/SM_Arrows.uasset"
[2016.10.26-17.50.18:013][  0]LogPackFactory: Copied "../../../Samples/StarterContent/Content/StarterContent/Blueprints/Assets/SunlightColorLUT.uasset" to "E:/SeniorDesignMain/Content/StarterContent/Blueprints/Assets/SunlightColorLUT.uasset"
[2016.10.26-17.50.20:184][  0]LogPackFactory: Copied "../../../Samples/StarterContent/Content/StarterContent/HDRI/HDRI_Epic_Courtyard_Daylight.uasset" to "E:/SeniorDesignMain/Content/StarterContent/HDRI/HDRI_Epic_Courtyard_Daylight.uasset"
[2016.10.26-17.50.20:277][  0]LogPackFactory: Copied "../../../Samples/StarterContent/Content/StarterContent/Maps/Advanced_Lighting.umap" to "E:/SeniorDesignMain/Content/StarterContent/Maps/Advanced_Lighting.umap"
[2016.10.26-17.50.20:339][  0]LogPackFactory: Copied "../../../Samples/StarterContent/Content/StarterContent/Maps/Minimal_Default.umap" to "E:/SeniorDesignMain/Content/StarterContent/Maps/Minimal_Default.umap"
[2016.10.26-17.50.20:883][  0]LogPackFactory: Copied "../../../Samples/StarterContent/Content/StarterContent/Maps/StarterMap.umap" to "E:/SeniorDesignMain/Content/StarterContent/Maps/StarterMap.umap"
[2016.10.26-17.50.20:904][  0]LogPackFactory: Copied "../../../Samples/StarterContent/Content/StarterContent/Materials/M_AssetPlatform.uasset" to "E:/SeniorDesignMain/Content/StarterContent/Materials/M_AssetPlatform.uasset"
[2016.10.26-17.50.20:921][  0]LogPackFactory: Copied "../../../Samples/StarterContent/Content/StarterContent/Materials/M_Basic_Floor.uasset" to "E:/SeniorDesignMain/Content/StarterContent/Materials/M_Basic_Floor.uasset"
[2016.10.26-17.50.20:947][  0]LogPackFactory: Copied "../../../Samples/StarterContent/Content/StarterContent/Materials/M_Basic_Wall.uasset" to "E:/SeniorDesignMain/Content/StarterContent/Materials/M_Basic_Wall.uasset"
[2016.10.26-17.50.20:965][  0]LogPackFactory: Copied "../../../Samples/StarterContent/Content/StarterContent/Materials/M_Brick_Clay_Beveled.uasset" to "E:/SeniorDesignMain/Content/StarterContent/Materials/M_Brick_Clay_Beveled.uasset"
[2016.10.26-17.50.20:986][  0]LogPackFactory: Copied "../../../Samples/StarterContent/Content/StarterContent/Materials/M_Brick_Clay_New.uasset" to "E:/SeniorDesignMain/Content/StarterContent/Materials/M_Brick_Clay_New.uasset"
[2016.10.26-17.50.21:001][  0]LogPackFactory: Copied "../../../Samples/StarterContent/Content/StarterContent/Materials/M_Brick_Clay_Old.uasset" to "E:/SeniorDesignMain/Content/StarterContent/Materials/M_Brick_Clay_Old.uasset"
[2016.10.26-17.50.21:049][  0]LogPackFactory: Copied "../../../Samples/StarterContent/Content/StarterContent/Materials/M_Brick_Cut_Stone.uasset" to "E:/SeniorDesignMain/Content/StarterContent/Materials/M_Brick_Cut_Stone.uasset"
[2016.10.26-17.50.21:074][  0]LogPackFactory: Copied "../../../Samples/StarterContent/Content/StarterContent/Materials/M_Brick_Hewn_Stone.uasset" to "E:/SeniorDesignMain/Content/StarterContent/Materials/M_Brick_Hewn_Stone.uasset"
[2016.10.26-17.50.21:112][  0]LogPackFactory: Copied "../../../Samples/StarterContent/Content/StarterContent/Materials/M_Ceramic_Tile_Checker.uasset" to "E:/SeniorDesignMain/Content/StarterContent/Materials/M_Ceramic_Tile_Checker.uasset"
[2016.10.26-17.50.21:138][  0]LogPackFactory: Copied "../../../Samples/StarterContent/Content/StarterContent/Materials/M_CobbleStone_Pebble.uasset" to "E:/SeniorDesignMain/Content/StarterContent/Materials/M_CobbleStone_Pebble.uasset"
[2016.10.26-17.50.21:164][  0]LogPackFactory: Copied "../../../Samples/StarterContent/Content/StarterContent/Materials/M_CobbleStone_Rough.uasset" to "E:/SeniorDesignMain/Content/StarterContent/Materials/M_CobbleStone_Rough.uasset"
[2016.10.26-17.50.21:183][  0]LogPackFactory: Copied "../../../Samples/StarterContent/Content/StarterContent/Materials/M_CobbleStone_Smooth.uasset" to "E:/SeniorDesignMain/Content/StarterContent/Materials/M_CobbleStone_Smooth.uasset"
[2016.10.26-17.50.21:224][  0]LogPackFactory: Copied "../../../Samples/StarterContent/Content/StarterContent/Materials/M_ColorGrid_LowSpec.uasset" to "E:/SeniorDesignMain/Content/StarterContent/Materials/M_ColorGrid_LowSpec.uasset"
[2016.10.26-17.50.21:255][  0]LogPackFactory: Copied "../../../Samples/StarterContent/Content/StarterContent/Materials/M_Concrete_Grime.uasset" to "E:/SeniorDesignMain/Content/StarterContent/Materials/M_Concrete_Grime.uasset"
[2016.10.26-17.50.21:277][  0]LogPackFactory: Copied "../../../Samples/StarterContent/Content/StarterContent/Materials/M_Concrete_Panels.uasset" to "E:/SeniorDesignMain/Content/StarterContent/Materials/M_Concrete_Panels.uasset"
[2016.10.26-17.50.21:373][  0]LogPackFactory: Copied "../../../Samples/StarterContent/Content/StarterContent/Materials/M_Concrete_Poured.uasset" to "E:/SeniorDesignMain/Content/StarterContent/Materials/M_Concrete_Poured.uasset"
[2016.10.26-17.50.21:390][  0]LogPackFactory: Copied "../../../Samples/StarterContent/Content/StarterContent/Materials/M_Concrete_Tiles.uasset" to "E:/SeniorDesignMain/Content/StarterContent/Materials/M_Concrete_Tiles.uasset"
[2016.10.26-17.50.21:414][  0]LogPackFactory: Copied "../../../Samples/StarterContent/Content/StarterContent/Materials/M_Glass.uasset" to "E:/SeniorDesignMain/Content/StarterContent/Materials/M_Glass.uasset"
[2016.10.26-17.50.21:454][  0]LogPackFactory: Copied "../../../Samples/StarterContent/Content/StarterContent/Materials/M_Ground_Grass.uasset" to "E:/SeniorDesignMain/Content/StarterContent/Materials/M_Ground_Grass.uasset"
[2016.10.26-17.50.21:502][  0]LogPackFactory: Copied "../../../Samples/StarterContent/Content/StarterContent/Materials/M_Ground_Gravel.uasset" to "E:/SeniorDesignMain/Content/StarterContent/Materials/M_Ground_Gravel.uasset"
[2016.10.26-17.50.21:559][  0]LogPackFactory: Copied "../../../Samples/StarterContent/Content/StarterContent/Materials/M_Ground_Moss.uasset" to "E:/SeniorDesignMain/Content/StarterContent/Materials/M_Ground_Moss.uasset"
[2016.10.26-17.50.21:605][  0]LogPackFactory: Copied "../../../Samples/StarterContent/Content/StarterContent/Materials/M_Metal_Brushed_Nickel.uasset" to "E:/SeniorDesignMain/Content/StarterContent/Materials/M_Metal_Brushed_Nickel.uasset"
[2016.10.26-17.50.21:665][  0]LogPackFactory: Copied "../../../Samples/StarterContent/Content/StarterContent/Materials/M_Metal_Burnished_Steel.uasset" to "E:/SeniorDesignMain/Content/StarterContent/Materials/M_Metal_Burnished_Steel.uasset"
[2016.10.26-17.50.21:682][  0]LogPackFactory: Copied "../../../Samples/StarterContent/Content/StarterContent/Materials/M_Metal_Chrome.uasset" to "E:/SeniorDesignMain/Content/StarterContent/Materials/M_Metal_Chrome.uasset"
[2016.10.26-17.50.21:700][  0]LogPackFactory: Copied "../../../Samples/StarterContent/Content/StarterContent/Materials/M_Metal_Copper.uasset" to "E:/SeniorDesignMain/Content/StarterContent/Materials/M_Metal_Copper.uasset"
[2016.10.26-17.50.21:715][  0]LogPackFactory: Copied "../../../Samples/StarterContent/Content/StarterContent/Materials/M_Metal_Gold.uasset" to "E:/SeniorDesignMain/Content/StarterContent/Materials/M_Metal_Gold.uasset"
[2016.10.26-17.50.21:737][  0]LogPackFactory: Copied "../../../Samples/StarterContent/Content/StarterContent/Materials/M_Metal_Rust.uasset" to "E:/SeniorDesignMain/Content/StarterContent/Materials/M_Metal_Rust.uasset"
[2016.10.26-17.50.21:751][  0]LogPackFactory: Copied "../../../Samples/StarterContent/Content/StarterContent/Materials/M_Metal_Steel.uasset" to "E:/SeniorDesignMain/Content/StarterContent/Materials/M_Metal_Steel.uasset"
[2016.10.26-17.50.21:775][  0]LogPackFactory: Copied "../../../Samples/StarterContent/Content/StarterContent/Materials/M_Rock_Basalt.uasset" to "E:/SeniorDesignMain/Content/StarterContent/Materials/M_Rock_Basalt.uasset"
[2016.10.26-17.50.21:789][  0]LogPackFactory: Copied "../../../Samples/StarterContent/Content/StarterContent/Materials/M_Rock_Marble_Polished.uasset" to "E:/SeniorDesignMain/Content/StarterContent/Materials/M_Rock_Marble_Polished.uasset"
[2016.10.26-17.50.21:818][  0]LogPackFactory: Copied "../../../Samples/StarterContent/Content/StarterContent/Materials/M_Rock_Sandstone.uasset" to "E:/SeniorDesignMain/Content/StarterContent/Materials/M_Rock_Sandstone.uasset"
[2016.10.26-17.50.21:841][  0]LogPackFactory: Copied "../../../Samples/StarterContent/Content/StarterContent/Materials/M_Rock_Slate.uasset" to "E:/SeniorDesignMain/Content/StarterContent/Materials/M_Rock_Slate.uasset"
[2016.10.26-17.50.21:856][  0]LogPackFactory: Copied "../../../Samples/StarterContent/Content/StarterContent/Materials/M_Tech_Checker_Dot.uasset" to "E:/SeniorDesignMain/Content/StarterContent/Materials/M_Tech_Checker_Dot.uasset"
[2016.10.26-17.50.21:893][  0]LogPackFactory: Copied "../../../Samples/StarterContent/Content/StarterContent/Materials/M_Tech_Hex_Tile.uasset" to "E:/SeniorDesignMain/Content/StarterContent/Materials/M_Tech_Hex_Tile.uasset"
[2016.10.26-17.50.21:922][  0]LogPackFactory: Copied "../../../Samples/StarterContent/Content/StarterContent/Materials/M_Tech_Hex_Tile_Pulse.uasset" to "E:/SeniorDesignMain/Content/StarterContent/Materials/M_Tech_Hex_Tile_Pulse.uasset"
[2016.10.26-17.50.21:935][  0]LogPackFactory: Copied "../../../Samples/StarterContent/Content/StarterContent/Materials/M_Tech_Panel.uasset" to "E:/SeniorDesignMain/Content/StarterContent/Materials/M_Tech_Panel.uasset"
[2016.10.26-17.50.21:957][  0]LogPackFactory: Copied "../../../Samples/StarterContent/Content/StarterContent/Materials/M_Water_Lake.uasset" to "E:/SeniorDesignMain/Content/StarterContent/Materials/M_Water_Lake.uasset"
[2016.10.26-17.50.21:997][  0]LogPackFactory: Copied "../../../Samples/StarterContent/Content/StarterContent/Materials/M_Water_Ocean.uasset" to "E:/SeniorDesignMain/Content/StarterContent/Materials/M_Water_Ocean.uasset"
[2016.10.26-17.50.22:012][  0]LogPackFactory: Copied "../../../Samples/StarterContent/Content/StarterContent/Materials/M_Wood_Floor_Walnut_Polished.uasset" to "E:/SeniorDesignMain/Content/StarterContent/Materials/M_Wood_Floor_Walnut_Polished.uasset"
[2016.10.26-17.50.22:050][  0]LogPackFactory: Copied "../../../Samples/StarterContent/Content/StarterContent/Materials/M_Wood_Floor_Walnut_Worn.uasset" to "E:/SeniorDesignMain/Content/StarterContent/Materials/M_Wood_Floor_Walnut_Worn.uasset"
[2016.10.26-17.50.22:064][  0]LogPackFactory: Copied "../../../Samples/StarterContent/Content/StarterContent/Materials/M_Wood_Oak.uasset" to "E:/SeniorDesignMain/Content/StarterContent/Materials/M_Wood_Oak.uasset"
[2016.10.26-17.50.22:077][  0]LogPackFactory: Copied "../../../Samples/StarterContent/Content/StarterContent/Materials/M_Wood_Pine.uasset" to "E:/SeniorDesignMain/Content/StarterContent/Materials/M_Wood_Pine.uasset"
[2016.10.26-17.50.22:091][  0]LogPackFactory: Copied "../../../Samples/StarterContent/Content/StarterContent/Materials/M_Wood_Walnut.uasset" to "E:/SeniorDesignMain/Content/StarterContent/Materials/M_Wood_Walnut.uasset"
[2016.10.26-17.50.22:115][  0]LogPackFactory: Copied "../../../Samples/StarterContent/Content/StarterContent/Particles/P_Ambient_Dust.uasset" to "E:/SeniorDesignMain/Content/StarterContent/Particles/P_Ambient_Dust.uasset"
[2016.10.26-17.50.22:145][  0]LogPackFactory: Copied "../../../Samples/StarterContent/Content/StarterContent/Particles/P_Explosion.uasset" to "E:/SeniorDesignMain/Content/StarterContent/Particles/P_Explosion.uasset"
[2016.10.26-17.50.22:163][  0]LogPackFactory: Copied "../../../Samples/StarterContent/Content/StarterContent/Particles/P_Fire.uasset" to "E:/SeniorDesignMain/Content/StarterContent/Particles/P_Fire.uasset"
[2016.10.26-17.50.22:197][  0]LogPackFactory: Copied "../../../Samples/StarterContent/Content/StarterContent/Particles/P_Smoke.uasset" to "E:/SeniorDesignMain/Content/StarterContent/Particles/P_Smoke.uasset"
[2016.10.26-17.50.22:221][  0]LogPackFactory: Copied "../../../Samples/StarterContent/Content/StarterContent/Particles/P_Sparks.uasset" to "E:/SeniorDesignMain/Content/StarterContent/Particles/P_Sparks.uasset"
[2016.10.26-17.50.22:234][  0]LogPackFactory: Copied "../../../Samples/StarterContent/Content/StarterContent/Particles/P_Steam_Lit.uasset" to "E:/SeniorDesignMain/Content/StarterContent/Particles/P_Steam_Lit.uasset"
[2016.10.26-17.50.22:285][  0]LogPackFactory: Copied "../../../Samples/StarterContent/Content/StarterContent/Particles/Materials/M_Burst.uasset" to "E:/SeniorDesignMain/Content/StarterContent/Particles/Materials/M_Burst.uasset"
[2016.10.26-17.50.22:306][  0]LogPackFactory: Copied "../../../Samples/StarterContent/Content/StarterContent/Particles/Materials/M_Dust_Particle.uasset" to "E:/SeniorDesignMain/Content/StarterContent/Particles/Materials/M_Dust_Particle.uasset"
[2016.10.26-17.50.22:328][  0]LogPackFactory: Copied "../../../Samples/StarterContent/Content/StarterContent/Particles/Materials/M_explosion_subUV.uasset" to "E:/SeniorDesignMain/Content/StarterContent/Particles/Materials/M_explosion_subUV.uasset"
[2016.10.26-17.50.22:344][  0]LogPackFactory: Copied "../../../Samples/StarterContent/Content/StarterContent/Particles/Materials/M_Fire_SubUV.uasset" to "E:/SeniorDesignMain/Content/StarterContent/Particles/Materials/M_Fire_SubUV.uasset"
[2016.10.26-17.50.22:389][  0]LogPackFactory: Copied "../../../Samples/StarterContent/Content/StarterContent/Particles/Materials/m_flare_01.uasset" to "E:/SeniorDesignMain/Content/StarterContent/Particles/Materials/m_flare_01.uasset"
[2016.10.26-17.50.22:406][  0]LogPackFactory: Copied "../../../Samples/StarterContent/Content/StarterContent/Particles/Materials/M_Heat_Distortion.uasset" to "E:/SeniorDesignMain/Content/StarterContent/Particles/Materials/M_Heat_Distortion.uasset"
[2016.10.26-17.50.22:516][  0]LogPackFactory: Copied "../../../Samples/StarterContent/Content/StarterContent/Particles/Materials/M_Radial_Gradient.uasset" to "E:/SeniorDesignMain/Content/StarterContent/Particles/Materials/M_Radial_Gradient.uasset"
[2016.10.26-17.50.22:673][  0]LogPackFactory: Copied "../../../Samples/StarterContent/Content/StarterContent/Particles/Materials/M_radial_ramp.uasset" to "E:/SeniorDesignMain/Content/StarterContent/Particles/Materials/M_radial_ramp.uasset"
[2016.10.26-17.50.22:724][  0]LogPackFactory: Copied "../../../Samples/StarterContent/Content/StarterContent/Particles/Materials/M_smoke_subUV.uasset" to "E:/SeniorDesignMain/Content/StarterContent/Particles/Materials/M_smoke_subUV.uasset"
[2016.10.26-17.50.22:748][  0]LogPackFactory: Copied "../../../Samples/StarterContent/Content/StarterContent/Particles/Materials/M_Spark.uasset" to "E:/SeniorDesignMain/Content/StarterContent/Particles/Materials/M_Spark.uasset"
[2016.10.26-17.50.22:774][  0]LogPackFactory: Copied "../../../Samples/StarterContent/Content/StarterContent/Props/MaterialSphere.uasset" to "E:/SeniorDesignMain/Content/StarterContent/Props/MaterialSphere.uasset"
[2016.10.26-17.50.22:793][  0]LogPackFactory: Copied "../../../Samples/StarterContent/Content/StarterContent/Props/SM_Bush.uasset" to "E:/SeniorDesignMain/Content/StarterContent/Props/SM_Bush.uasset"
[2016.10.26-17.50.22:851][  0]LogPackFactory: Copied "../../../Samples/StarterContent/Content/StarterContent/Props/SM_Chair.uasset" to "E:/SeniorDesignMain/Content/StarterContent/Props/SM_Chair.uasset"
[2016.10.26-17.50.22:893][  0]LogPackFactory: Copied "../../../Samples/StarterContent/Content/StarterContent/Props/SM_CornerFrame.uasset" to "E:/SeniorDesignMain/Content/StarterContent/Props/SM_CornerFrame.uasset"
[2016.10.26-17.50.22:906][  0]LogPackFactory: Copied "../../../Samples/StarterContent/Content/StarterContent/Props/SM_Couch.uasset" to "E:/SeniorDesignMain/Content/StarterContent/Props/SM_Couch.uasset"
[2016.10.26-17.50.22:919][  0]LogPackFactory: Copied "../../../Samples/StarterContent/Content/StarterContent/Props/SM_Door.uasset" to "E:/SeniorDesignMain/Content/StarterContent/Props/SM_Door.uasset"
[2016.10.26-17.50.22:933][  0]LogPackFactory: Copied "../../../Samples/StarterContent/Content/StarterContent/Props/SM_DoorFrame.uasset" to "E:/SeniorDesignMain/Content/StarterContent/Props/SM_DoorFrame.uasset"
[2016.10.26-17.50.22:943][  0]LogPackFactory: Copied "../../../Samples/StarterContent/Content/StarterContent/Props/SM_GlassWindow.uasset" to "E:/SeniorDesignMain/Content/StarterContent/Props/SM_GlassWindow.uasset"
[2016.10.26-17.50.22:967][  0]LogPackFactory: Copied "../../../Samples/StarterContent/Content/StarterContent/Props/SM_Lamp_Ceiling.uasset" to "E:/SeniorDesignMain/Content/StarterContent/Props/SM_Lamp_Ceiling.uasset"
[2016.10.26-17.50.23:035][  0]LogPackFactory: Copied "../../../Samples/StarterContent/Content/StarterContent/Props/SM_Lamp_Wall.uasset" to "E:/SeniorDesignMain/Content/StarterContent/Props/SM_Lamp_Wall.uasset"
[2016.10.26-17.50.23:140][  0]LogPackFactory: Copied "../../../Samples/StarterContent/Content/StarterContent/Props/SM_MatPreviewMesh_02.uasset" to "E:/SeniorDesignMain/Content/StarterContent/Props/SM_MatPreviewMesh_02.uasset"
[2016.10.26-17.50.23:163][  0]LogPackFactory: Copied "../../../Samples/StarterContent/Content/StarterContent/Props/SM_PillarFrame.uasset" to "E:/SeniorDesignMain/Content/StarterContent/Props/SM_PillarFrame.uasset"
[2016.10.26-17.50.23:177][  0]LogPackFactory: Copied "../../../Samples/StarterContent/Content/StarterContent/Props/SM_PillarFrame300.uasset" to "E:/SeniorDesignMain/Content/StarterContent/Props/SM_PillarFrame300.uasset"
[2016.10.26-17.50.23:194][  0]LogPackFactory: Copied "../../../Samples/StarterContent/Content/StarterContent/Props/SM_Rock.uasset" to "E:/SeniorDesignMain/Content/StarterContent/Props/SM_Rock.uasset"
[2016.10.26-17.50.23:206][  0]LogPackFactory: Copied "../../../Samples/StarterContent/Content/StarterContent/Props/SM_Shelf.uasset" to "E:/SeniorDesignMain/Content/StarterContent/Props/SM_Shelf.uasset"
[2016.10.26-17.50.23:223][  0]LogPackFactory: Copied "../../../Samples/StarterContent/Content/StarterContent/Props/SM_Stairs.uasset" to "E:/SeniorDesignMain/Content/StarterContent/Props/SM_Stairs.uasset"
[2016.10.26-17.50.23:253][  0]LogPackFactory: Copied "../../../Samples/StarterContent/Content/StarterContent/Props/SM_Statue.uasset" to "E:/SeniorDesignMain/Content/StarterContent/Props/SM_Statue.uasset"
[2016.10.26-17.50.23:275][  0]LogPackFactory: Copied "../../../Samples/StarterContent/Content/StarterContent/Props/SM_TableRound.uasset" to "E:/SeniorDesignMain/Content/StarterContent/Props/SM_TableRound.uasset"
[2016.10.26-17.50.23:300][  0]LogPackFactory: Copied "../../../Samples/StarterContent/Content/StarterContent/Props/SM_WindowFrame.uasset" to "E:/SeniorDesignMain/Content/StarterContent/Props/SM_WindowFrame.uasset"
[2016.10.26-17.50.23:326][  0]LogPackFactory: Copied "../../../Samples/StarterContent/Content/StarterContent/Props/Materials/M_Bush.uasset" to "E:/SeniorDesignMain/Content/StarterContent/Props/Materials/M_Bush.uasset"
[2016.10.26-17.50.23:334][  0]LogPackFactory: Copied "../../../Samples/StarterContent/Content/StarterContent/Props/Materials/M_Chair.uasset" to "E:/SeniorDesignMain/Content/StarterContent/Props/Materials/M_Chair.uasset"
[2016.10.26-17.50.23:347][  0]LogPackFactory: Copied "../../../Samples/StarterContent/Content/StarterContent/Props/Materials/M_Door.uasset" to "E:/SeniorDesignMain/Content/StarterContent/Props/Materials/M_Door.uasset"
[2016.10.26-17.50.23:357][  0]LogPackFactory: Copied "../../../Samples/StarterContent/Content/StarterContent/Props/Materials/M_Frame.uasset" to "E:/SeniorDesignMain/Content/StarterContent/Props/Materials/M_Frame.uasset"
[2016.10.26-17.50.23:367][  0]LogPackFactory: Copied "../../../Samples/StarterContent/Content/StarterContent/Props/Materials/M_Lamp.uasset" to "E:/SeniorDesignMain/Content/StarterContent/Props/Materials/M_Lamp.uasset"
[2016.10.26-17.50.23:380][  0]LogPackFactory: Copied "../../../Samples/StarterContent/Content/StarterContent/Props/Materials/M_MaterialSphere.uasset" to "E:/SeniorDesignMain/Content/StarterContent/Props/Materials/M_MaterialSphere.uasset"
[2016.10.26-17.50.23:399][  0]LogPackFactory: Copied "../../../Samples/StarterContent/Content/StarterContent/Props/Materials/M_MaterialSphere_Plain.uasset" to "E:/SeniorDesignMain/Content/StarterContent/Props/Materials/M_MaterialSphere_Plain.uasset"
[2016.10.26-17.50.23:422][  0]LogPackFactory: Copied "../../../Samples/StarterContent/Content/StarterContent/Props/Materials/M_Rock.uasset" to "E:/SeniorDesignMain/Content/StarterContent/Props/Materials/M_Rock.uasset"
[2016.10.26-17.50.23:435][  0]LogPackFactory: Copied "../../../Samples/StarterContent/Content/StarterContent/Props/Materials/M_Shelf.uasset" to "E:/SeniorDesignMain/Content/StarterContent/Props/Materials/M_Shelf.uasset"
[2016.10.26-17.50.23:448][  0]LogPackFactory: Copied "../../../Samples/StarterContent/Content/StarterContent/Props/Materials/M_Statue.uasset" to "E:/SeniorDesignMain/Content/StarterContent/Props/Materials/M_Statue.uasset"
[2016.10.26-17.50.23:466][  0]LogPackFactory: Copied "../../../Samples/StarterContent/Content/StarterContent/Props/Materials/M_StatueGlass.uasset" to "E:/SeniorDesignMain/Content/StarterContent/Props/Materials/M_StatueGlass.uasset"
[2016.10.26-17.50.23:476][  0]LogPackFactory: Copied "../../../Samples/StarterContent/Content/StarterContent/Props/Materials/M_TableRound.uasset" to "E:/SeniorDesignMain/Content/StarterContent/Props/Materials/M_TableRound.uasset"
[2016.10.26-17.50.23:496][  0]LogPackFactory: Copied "../../../Samples/StarterContent/Content/StarterContent/Shapes/Shape_Cone.uasset" to "E:/SeniorDesignMain/Content/StarterContent/Shapes/Shape_Cone.uasset"
[2016.10.26-17.50.23:507][  0]LogPackFactory: Copied "../../../Samples/StarterContent/Content/StarterContent/Shapes/Shape_Cube.uasset" to "E:/SeniorDesignMain/Content/StarterContent/Shapes/Shape_Cube.uasset"
[2016.10.26-17.50.23:533][  0]LogPackFactory: Copied "../../../Samples/StarterContent/Content/StarterContent/Shapes/Shape_Cylinder.uasset" to "E:/SeniorDesignMain/Content/StarterContent/Shapes/Shape_Cylinder.uasset"
[2016.10.26-17.50.23:561][  0]LogPackFactory: Copied "../../../Samples/StarterContent/Content/StarterContent/Shapes/Shape_NarrowCapsule.uasset" to "E:/SeniorDesignMain/Content/StarterContent/Shapes/Shape_NarrowCapsule.uasset"
[2016.10.26-17.50.23:589][  0]LogPackFactory: Copied "../../../Samples/StarterContent/Content/StarterContent/Shapes/Shape_Pipe.uasset" to "E:/SeniorDesignMain/Content/StarterContent/Shapes/Shape_Pipe.uasset"
[2016.10.26-17.50.23:602][  0]LogPackFactory: Copied "../../../Samples/StarterContent/Content/StarterContent/Shapes/Shape_Pipe_180.uasset" to "E:/SeniorDesignMain/Content/StarterContent/Shapes/Shape_Pipe_180.uasset"
[2016.10.26-17.50.23:611][  0]LogPackFactory: Copied "../../../Samples/StarterContent/Content/StarterContent/Shapes/Shape_Pipe_90.uasset" to "E:/SeniorDesignMain/Content/StarterContent/Shapes/Shape_Pipe_90.uasset"
[2016.10.26-17.50.23:635][  0]LogPackFactory: Copied "../../../Samples/StarterContent/Content/StarterContent/Shapes/Shape_Plane.uasset" to "E:/SeniorDesignMain/Content/StarterContent/Shapes/Shape_Plane.uasset"
[2016.10.26-17.50.23:643][  0]LogPackFactory: Copied "../../../Samples/StarterContent/Content/StarterContent/Shapes/Shape_QuadPyramid.uasset" to "E:/SeniorDesignMain/Content/StarterContent/Shapes/Shape_QuadPyramid.uasset"
[2016.10.26-17.50.23:658][  0]LogPackFactory: Copied "../../../Samples/StarterContent/Content/StarterContent/Shapes/Shape_Sphere.uasset" to "E:/SeniorDesignMain/Content/StarterContent/Shapes/Shape_Sphere.uasset"
[2016.10.26-17.50.23:688][  0]LogPackFactory: Copied "../../../Samples/StarterContent/Content/StarterContent/Shapes/Shape_Torus.uasset" to "E:/SeniorDesignMain/Content/StarterContent/Shapes/Shape_Torus.uasset"
[2016.10.26-17.50.23:707][  0]LogPackFactory: Copied "../../../Samples/StarterContent/Content/StarterContent/Shapes/Shape_Trim.uasset" to "E:/SeniorDesignMain/Content/StarterContent/Shapes/Shape_Trim.uasset"
[2016.10.26-17.50.23:716][  0]LogPackFactory: Copied "../../../Samples/StarterContent/Content/StarterContent/Shapes/Shape_Trim_90_In.uasset" to "E:/SeniorDesignMain/Content/StarterContent/Shapes/Shape_Trim_90_In.uasset"
[2016.10.26-17.50.23:727][  0]LogPackFactory: Copied "../../../Samples/StarterContent/Content/StarterContent/Shapes/Shape_Trim_90_Out.uasset" to "E:/SeniorDesignMain/Content/StarterContent/Shapes/Shape_Trim_90_Out.uasset"
[2016.10.26-17.50.23:734][  0]LogPackFactory: Copied "../../../Samples/StarterContent/Content/StarterContent/Shapes/Shape_TriPyramid.uasset" to "E:/SeniorDesignMain/Content/StarterContent/Shapes/Shape_TriPyramid.uasset"
[2016.10.26-17.50.23:745][  0]LogPackFactory: Copied "../../../Samples/StarterContent/Content/StarterContent/Shapes/Shape_Tube.uasset" to "E:/SeniorDesignMain/Content/StarterContent/Shapes/Shape_Tube.uasset"
[2016.10.26-17.50.23:754][  0]LogPackFactory: Copied "../../../Samples/StarterContent/Content/StarterContent/Shapes/Shape_Wedge_A.uasset" to "E:/SeniorDesignMain/Content/StarterContent/Shapes/Shape_Wedge_A.uasset"
[2016.10.26-17.50.23:762][  0]LogPackFactory: Copied "../../../Samples/StarterContent/Content/StarterContent/Shapes/Shape_Wedge_B.uasset" to "E:/SeniorDesignMain/Content/StarterContent/Shapes/Shape_Wedge_B.uasset"
[2016.10.26-17.50.23:808][  0]LogPackFactory: Copied "../../../Samples/StarterContent/Content/StarterContent/Shapes/Shape_WideCapsule.uasset" to "E:/SeniorDesignMain/Content/StarterContent/Shapes/Shape_WideCapsule.uasset"
[2016.10.26-17.50.24:097][  0]LogPackFactory: Copied "../../../Samples/StarterContent/Content/StarterContent/Textures/T_Brick_Clay_Beveled_D.uasset" to "E:/SeniorDesignMain/Content/StarterContent/Textures/T_Brick_Clay_Beveled_D.uasset"
[2016.10.26-17.50.24:436][  0]LogPackFactory: Copied "../../../Samples/StarterContent/Content/StarterContent/Textures/T_Brick_Clay_Beveled_M.uasset" to "E:/SeniorDesignMain/Content/StarterContent/Textures/T_Brick_Clay_Beveled_M.uasset"
[2016.10.26-17.50.24:735][  0]LogPackFactory: Copied "../../../Samples/StarterContent/Content/StarterContent/Textures/T_Brick_Clay_Beveled_N.uasset" to "E:/SeniorDesignMain/Content/StarterContent/Textures/T_Brick_Clay_Beveled_N.uasset"
[2016.10.26-17.50.24:996][  0]LogPackFactory: Copied "../../../Samples/StarterContent/Content/StarterContent/Textures/T_Brick_Clay_New_D.uasset" to "E:/SeniorDesignMain/Content/StarterContent/Textures/T_Brick_Clay_New_D.uasset"
[2016.10.26-17.50.25:383][  0]LogPackFactory: Copied "../../../Samples/StarterContent/Content/StarterContent/Textures/T_Brick_Clay_New_M.uasset" to "E:/SeniorDesignMain/Content/StarterContent/Textures/T_Brick_Clay_New_M.uasset"
[2016.10.26-17.50.25:688][  0]LogPackFactory: Copied "../../../Samples/StarterContent/Content/StarterContent/Textures/T_Brick_Clay_New_N.uasset" to "E:/SeniorDesignMain/Content/StarterContent/Textures/T_Brick_Clay_New_N.uasset"
[2016.10.26-17.50.26:093][  0]LogPackFactory: Copied "../../../Samples/StarterContent/Content/StarterContent/Textures/T_Brick_Clay_Old_D.uasset" to "E:/SeniorDesignMain/Content/StarterContent/Textures/T_Brick_Clay_Old_D.uasset"
[2016.10.26-17.50.26:406][  0]LogPackFactory: Copied "../../../Samples/StarterContent/Content/StarterContent/Textures/T_Brick_Clay_Old_N.uasset" to "E:/SeniorDesignMain/Content/StarterContent/Textures/T_Brick_Clay_Old_N.uasset"
[2016.10.26-17.50.26:829][  0]LogPackFactory: Copied "../../../Samples/StarterContent/Content/StarterContent/Textures/T_Brick_Cut_Stone_D.uasset" to "E:/SeniorDesignMain/Content/StarterContent/Textures/T_Brick_Cut_Stone_D.uasset"
[2016.10.26-17.50.27:137][  0]LogPackFactory: Copied "../../../Samples/StarterContent/Content/StarterContent/Textures/T_Brick_Cut_Stone_N.uasset" to "E:/SeniorDesignMain/Content/StarterContent/Textures/T_Brick_Cut_Stone_N.uasset"
[2016.10.26-17.50.27:445][  0]LogPackFactory: Copied "../../../Samples/StarterContent/Content/StarterContent/Textures/T_Brick_Hewn_Stone_D.uasset" to "E:/SeniorDesignMain/Content/StarterContent/Textures/T_Brick_Hewn_Stone_D.uasset"
[2016.10.26-17.50.27:698][  0]LogPackFactory: Copied "../../../Samples/StarterContent/Content/StarterContent/Textures/T_Brick_Hewn_Stone_M.uasset" to "E:/SeniorDesignMain/Content/StarterContent/Textures/T_Brick_Hewn_Stone_M.uasset"
[2016.10.26-17.50.28:064][  0]LogPackFactory: Copied "../../../Samples/StarterContent/Content/StarterContent/Textures/T_Brick_Hewn_Stone_N.uasset" to "E:/SeniorDesignMain/Content/StarterContent/Textures/T_Brick_Hewn_Stone_N.uasset"
[2016.10.26-17.50.28:098][  0]LogPackFactory: Copied "../../../Samples/StarterContent/Content/StarterContent/Textures/T_Burst_M.uasset" to "E:/SeniorDesignMain/Content/StarterContent/Textures/T_Burst_M.uasset"
[2016.10.26-17.50.28:125][  0]LogPackFactory: Copied "../../../Samples/StarterContent/Content/StarterContent/Textures/T_Bush_D.uasset" to "E:/SeniorDesignMain/Content/StarterContent/Textures/T_Bush_D.uasset"
[2016.10.26-17.50.28:149][  0]LogPackFactory: Copied "../../../Samples/StarterContent/Content/StarterContent/Textures/T_Bush_N.uasset" to "E:/SeniorDesignMain/Content/StarterContent/Textures/T_Bush_N.uasset"
[2016.10.26-17.50.28:169][  0]LogPackFactory: Copied "../../../Samples/StarterContent/Content/StarterContent/Textures/T_Ceramic_Tile_M.uasset" to "E:/SeniorDesignMain/Content/StarterContent/Textures/T_Ceramic_Tile_M.uasset"
[2016.10.26-17.50.28:186][  0]LogPackFactory: Copied "../../../Samples/StarterContent/Content/StarterContent/Textures/T_Ceramic_Tile_N.uasset" to "E:/SeniorDesignMain/Content/StarterContent/Textures/T_Ceramic_Tile_N.uasset"
[2016.10.26-17.50.28:223][  0]LogPackFactory: Copied "../../../Samples/StarterContent/Content/StarterContent/Textures/T_Chair_M.uasset" to "E:/SeniorDesignMain/Content/StarterContent/Textures/T_Chair_M.uasset"
[2016.10.26-17.50.28:279][  0]LogPackFactory: Copied "../../../Samples/StarterContent/Content/StarterContent/Textures/T_Chair_N.uasset" to "E:/SeniorDesignMain/Content/StarterContent/Textures/T_Chair_N.uasset"
[2016.10.26-17.50.28:294][  0]LogPackFactory: Copied "../../../Samples/StarterContent/Content/StarterContent/Textures/T_Checker_Noise_M.uasset" to "E:/SeniorDesignMain/Content/StarterContent/Textures/T_Checker_Noise_M.uasset"
[2016.10.26-17.50.28:740][  0]LogPackFactory: Copied "../../../Samples/StarterContent/Content/StarterContent/Textures/T_CobbleStone_Pebble_D.uasset" to "E:/SeniorDesignMain/Content/StarterContent/Textures/T_CobbleStone_Pebble_D.uasset"
[2016.10.26-17.50.28:808][  0]LogPackFactory: Copied "../../../Samples/StarterContent/Content/StarterContent/Textures/T_CobbleStone_Pebble_M.uasset" to "E:/SeniorDesignMain/Content/StarterContent/Textures/T_CobbleStone_Pebble_M.uasset"
[2016.10.26-17.50.29:264][  0]LogPackFactory: Copied "../../../Samples/StarterContent/Content/StarterContent/Textures/T_CobbleStone_Pebble_N.uasset" to "E:/SeniorDesignMain/Content/StarterContent/Textures/T_CobbleStone_Pebble_N.uasset"
[2016.10.26-17.50.29:374][  0]LogPackFactory: Copied "../../../Samples/StarterContent/Content/StarterContent/Textures/T_CobbleStone_Rough_D.uasset" to "E:/SeniorDesignMain/Content/StarterContent/Textures/T_CobbleStone_Rough_D.uasset"
[2016.10.26-17.50.29:498][  0]LogPackFactory: Copied "../../../Samples/StarterContent/Content/StarterContent/Textures/T_CobbleStone_Rough_N.uasset" to "E:/SeniorDesignMain/Content/StarterContent/Textures/T_CobbleStone_Rough_N.uasset"
[2016.10.26-17.50.29:779][  0]LogPackFactory: Copied "../../../Samples/StarterContent/Content/StarterContent/Textures/T_CobbleStone_Smooth_D.uasset" to "E:/SeniorDesignMain/Content/StarterContent/Textures/T_CobbleStone_Smooth_D.uasset"
[2016.10.26-17.50.30:011][  0]LogPackFactory: Copied "../../../Samples/StarterContent/Content/StarterContent/Textures/T_CobbleStone_Smooth_M.uasset" to "E:/SeniorDesignMain/Content/StarterContent/Textures/T_CobbleStone_Smooth_M.uasset"
[2016.10.26-17.50.30:344][  0]LogPackFactory: Copied "../../../Samples/StarterContent/Content/StarterContent/Textures/T_CobbleStone_Smooth_N.uasset" to "E:/SeniorDesignMain/Content/StarterContent/Textures/T_CobbleStone_Smooth_N.uasset"
[2016.10.26-17.50.30:845][  0]LogPackFactory: Copied "../../../Samples/StarterContent/Content/StarterContent/Textures/T_Concrete_Grime_D.uasset" to "E:/SeniorDesignMain/Content/StarterContent/Textures/T_Concrete_Grime_D.uasset"
[2016.10.26-17.50.31:223][  0]LogPackFactory: Copied "../../../Samples/StarterContent/Content/StarterContent/Textures/T_Concrete_Panels_D.uasset" to "E:/SeniorDesignMain/Content/StarterContent/Textures/T_Concrete_Panels_D.uasset"
[2016.10.26-17.50.31:488][  0]LogPackFactory: Copied "../../../Samples/StarterContent/Content/StarterContent/Textures/T_Concrete_Panels_N.uasset" to "E:/SeniorDesignMain/Content/StarterContent/Textures/T_Concrete_Panels_N.uasset"
[2016.10.26-17.50.31:911][  0]LogPackFactory: Copied "../../../Samples/StarterContent/Content/StarterContent/Textures/T_Concrete_Poured_D.uasset" to "E:/SeniorDesignMain/Content/StarterContent/Textures/T_Concrete_Poured_D.uasset"
[2016.10.26-17.50.32:184][  0]LogPackFactory: Copied "../../../Samples/StarterContent/Content/StarterContent/Textures/T_Concrete_Poured_N.uasset" to "E:/SeniorDesignMain/Content/StarterContent/Textures/T_Concrete_Poured_N.uasset"
[2016.10.26-17.50.32:399][  0]LogPackFactory: Copied "../../../Samples/StarterContent/Content/StarterContent/Textures/T_Concrete_Tiles_D.uasset" to "E:/SeniorDesignMain/Content/StarterContent/Textures/T_Concrete_Tiles_D.uasset"
[2016.10.26-17.50.32:615][  0]LogPackFactory: Copied "../../../Samples/StarterContent/Content/StarterContent/Textures/T_Concrete_Tiles_M.uasset" to "E:/SeniorDesignMain/Content/StarterContent/Textures/T_Concrete_Tiles_M.uasset"
[2016.10.26-17.50.32:955][  0]LogPackFactory: Copied "../../../Samples/StarterContent/Content/StarterContent/Textures/T_Concrete_Tiles_N.uasset" to "E:/SeniorDesignMain/Content/StarterContent/Textures/T_Concrete_Tiles_N.uasset"
[2016.10.26-17.50.32:990][  0]LogPackFactory: Copied "../../../Samples/StarterContent/Content/StarterContent/Textures/T_Concrete_Tiles_Variation_M.uasset" to "E:/SeniorDesignMain/Content/StarterContent/Textures/T_Concrete_Tiles_Variation_M.uasset"
[2016.10.26-17.50.33:238][  0]LogPackFactory: Copied "../../../Samples/StarterContent/Content/StarterContent/Textures/T_Detail_Rocky_N.uasset" to "E:/SeniorDesignMain/Content/StarterContent/Textures/T_Detail_Rocky_N.uasset"
[2016.10.26-17.50.33:308][  0]LogPackFactory: Copied "../../../Samples/StarterContent/Content/StarterContent/Textures/T_Door_M.uasset" to "E:/SeniorDesignMain/Content/StarterContent/Textures/T_Door_M.uasset"
[2016.10.26-17.50.33:396][  0]LogPackFactory: Copied "../../../Samples/StarterContent/Content/StarterContent/Textures/T_Door_N.uasset" to "E:/SeniorDesignMain/Content/StarterContent/Textures/T_Door_N.uasset"
[2016.10.26-17.50.33:418][  0]LogPackFactory: Copied "../../../Samples/StarterContent/Content/StarterContent/Textures/T_Dust_Particle_D.uasset" to "E:/SeniorDesignMain/Content/StarterContent/Textures/T_Dust_Particle_D.uasset"
[2016.10.26-17.50.33:529][  0]LogPackFactory: Copied "../../../Samples/StarterContent/Content/StarterContent/Textures/T_Explosion_SubUV.uasset" to "E:/SeniorDesignMain/Content/StarterContent/Textures/T_Explosion_SubUV.uasset"
[2016.10.26-17.50.33:576][  0]LogPackFactory: Copied "../../../Samples/StarterContent/Content/StarterContent/Textures/T_Fire_SubUV.uasset" to "E:/SeniorDesignMain/Content/StarterContent/Textures/T_Fire_SubUV.uasset"
[2016.10.26-17.50.33:622][  0]LogPackFactory: Copied "../../../Samples/StarterContent/Content/StarterContent/Textures/T_Fire_Tiled_D.uasset" to "E:/SeniorDesignMain/Content/StarterContent/Textures/T_Fire_Tiled_D.uasset"
[2016.10.26-17.50.33:655][  0]LogPackFactory: Copied "../../../Samples/StarterContent/Content/StarterContent/Textures/T_Frame_M.uasset" to "E:/SeniorDesignMain/Content/StarterContent/Textures/T_Frame_M.uasset"
[2016.10.26-17.50.33:727][  0]LogPackFactory: Copied "../../../Samples/StarterContent/Content/StarterContent/Textures/T_Frame_N.uasset" to "E:/SeniorDesignMain/Content/StarterContent/Textures/T_Frame_N.uasset"
[2016.10.26-17.50.33:738][  0]LogPackFactory: Copied "../../../Samples/StarterContent/Content/StarterContent/Textures/T_Gradinet_01.uasset" to "E:/SeniorDesignMain/Content/StarterContent/Textures/T_Gradinet_01.uasset"
[2016.10.26-17.50.34:192][  0]LogPackFactory: Copied "../../../Samples/StarterContent/Content/StarterContent/Textures/T_Ground_Grass_D.uasset" to "E:/SeniorDesignMain/Content/StarterContent/Textures/T_Ground_Grass_D.uasset"
[2016.10.26-17.50.34:624][  0]LogPackFactory: Copied "../../../Samples/StarterContent/Content/StarterContent/Textures/T_Ground_Grass_N.uasset" to "E:/SeniorDesignMain/Content/StarterContent/Textures/T_Ground_Grass_N.uasset"
[2016.10.26-17.50.35:036][  0]LogPackFactory: Copied "../../../Samples/StarterContent/Content/StarterContent/Textures/T_Ground_Gravel_D.uasset" to "E:/SeniorDesignMain/Content/StarterContent/Textures/T_Ground_Gravel_D.uasset"
[2016.10.26-17.50.35:484][  0]LogPackFactory: Copied "../../../Samples/StarterContent/Content/StarterContent/Textures/T_Ground_Gravel_N.uasset" to "E:/SeniorDesignMain/Content/StarterContent/Textures/T_Ground_Gravel_N.uasset"
[2016.10.26-17.50.36:722][  0]LogPackFactory: Copied "../../../Samples/StarterContent/Content/StarterContent/Textures/T_ground_Moss_D.uasset" to "E:/SeniorDesignMain/Content/StarterContent/Textures/T_ground_Moss_D.uasset"
[2016.10.26-17.50.37:243][  0]LogPackFactory: Copied "../../../Samples/StarterContent/Content/StarterContent/Textures/T_Ground_Moss_N.uasset" to "E:/SeniorDesignMain/Content/StarterContent/Textures/T_Ground_Moss_N.uasset"
[2016.10.26-17.50.37:314][  0]LogPackFactory: Copied "../../../Samples/StarterContent/Content/StarterContent/Textures/T_Lamp_M.uasset" to "E:/SeniorDesignMain/Content/StarterContent/Textures/T_Lamp_M.uasset"
[2016.10.26-17.50.37:474][  0]LogPackFactory: Copied "../../../Samples/StarterContent/Content/StarterContent/Textures/T_Lamp_N.uasset" to "E:/SeniorDesignMain/Content/StarterContent/Textures/T_Lamp_N.uasset"
[2016.10.26-17.50.39:410][  0]LogPackFactory: Copied "../../../Samples/StarterContent/Content/StarterContent/Textures/T_MacroVariation.uasset" to "E:/SeniorDesignMain/Content/StarterContent/Textures/T_MacroVariation.uasset"
[2016.10.26-17.50.40:127][  0]LogPackFactory: Copied "../../../Samples/StarterContent/Content/StarterContent/Textures/T_Metal_Aluminum_D.uasset" to "E:/SeniorDesignMain/Content/StarterContent/Textures/T_Metal_Aluminum_D.uasset"
[2016.10.26-17.50.40:576][  0]LogPackFactory: Copied "../../../Samples/StarterContent/Content/StarterContent/Textures/T_Metal_Copper_D.uasset" to "E:/SeniorDesignMain/Content/StarterContent/Textures/T_Metal_Copper_D.uasset"
[2016.10.26-17.50.41:024][  0]LogPackFactory: Copied "../../../Samples/StarterContent/Content/StarterContent/Textures/T_Metal_Gold_D.uasset" to "E:/SeniorDesignMain/Content/StarterContent/Textures/T_Metal_Gold_D.uasset"
[2016.10.26-17.50.41:221][  0]LogPackFactory: Copied "../../../Samples/StarterContent/Content/StarterContent/Textures/T_Metal_Gold_N.uasset" to "E:/SeniorDesignMain/Content/StarterContent/Textures/T_Metal_Gold_N.uasset"
[2016.10.26-17.50.41:640][  0]LogPackFactory: Copied "../../../Samples/StarterContent/Content/StarterContent/Textures/T_Metal_Rust_D.uasset" to "E:/SeniorDesignMain/Content/StarterContent/Textures/T_Metal_Rust_D.uasset"
[2016.10.26-17.50.42:032][  0]LogPackFactory: Copied "../../../Samples/StarterContent/Content/StarterContent/Textures/T_Metal_Rust_N.uasset" to "E:/SeniorDesignMain/Content/StarterContent/Textures/T_Metal_Rust_N.uasset"
[2016.10.26-17.50.42:211][  0]LogPackFactory: Copied "../../../Samples/StarterContent/Content/StarterContent/Textures/T_Metal_Steel_D.uasset" to "E:/SeniorDesignMain/Content/StarterContent/Textures/T_Metal_Steel_D.uasset"
[2016.10.26-17.50.42:549][  0]LogPackFactory: Copied "../../../Samples/StarterContent/Content/StarterContent/Textures/T_Metal_Steel_N.uasset" to "E:/SeniorDesignMain/Content/StarterContent/Textures/T_Metal_Steel_N.uasset"
[2016.10.26-17.50.44:665][  0]LogPackFactory: Copied "../../../Samples/StarterContent/Content/StarterContent/Textures/T_Perlin_Noise_M.uasset" to "E:/SeniorDesignMain/Content/StarterContent/Textures/T_Perlin_Noise_M.uasset"
[2016.10.26-17.50.44:915][  0]LogPackFactory: Copied "../../../Samples/StarterContent/Content/StarterContent/Textures/T_RockMesh_M.uasset" to "E:/SeniorDesignMain/Content/StarterContent/Textures/T_RockMesh_M.uasset"
[2016.10.26-17.50.45:336][  0]LogPackFactory: Copied "../../../Samples/StarterContent/Content/StarterContent/Textures/T_RockMesh_N.uasset" to "E:/SeniorDesignMain/Content/StarterContent/Textures/T_RockMesh_N.uasset"
[2016.10.26-17.50.45:675][  0]LogPackFactory: Copied "../../../Samples/StarterContent/Content/StarterContent/Textures/T_Rock_Basalt_D.uasset" to "E:/SeniorDesignMain/Content/StarterContent/Textures/T_Rock_Basalt_D.uasset"
[2016.10.26-17.50.45:986][  0]LogPackFactory: Copied "../../../Samples/StarterContent/Content/StarterContent/Textures/T_Rock_Basalt_N.uasset" to "E:/SeniorDesignMain/Content/StarterContent/Textures/T_Rock_Basalt_N.uasset"
[2016.10.26-17.50.46:229][  0]LogPackFactory: Copied "../../../Samples/StarterContent/Content/StarterContent/Textures/T_Rock_Marble_Polished_D.uasset" to "E:/SeniorDesignMain/Content/StarterContent/Textures/T_Rock_Marble_Polished_D.uasset"
[2016.10.26-17.50.46:589][  0]LogPackFactory: Copied "../../../Samples/StarterContent/Content/StarterContent/Textures/T_Rock_Sandstone_D.uasset" to "E:/SeniorDesignMain/Content/StarterContent/Textures/T_Rock_Sandstone_D.uasset"
[2016.10.26-17.50.46:959][  0]LogPackFactory: Copied "../../../Samples/StarterContent/Content/StarterContent/Textures/T_Rock_Sandstone_N.uasset" to "E:/SeniorDesignMain/Content/StarterContent/Textures/T_Rock_Sandstone_N.uasset"
[2016.10.26-17.50.47:676][  0]LogPackFactory: Copied "../../../Samples/StarterContent/Content/StarterContent/Textures/T_Rock_Slate_D.uasset" to "E:/SeniorDesignMain/Content/StarterContent/Textures/T_Rock_Slate_D.uasset"
[2016.10.26-17.50.48:082][  0]LogPackFactory: Copied "../../../Samples/StarterContent/Content/StarterContent/Textures/T_Rock_Slate_N.uasset" to "E:/SeniorDesignMain/Content/StarterContent/Textures/T_Rock_Slate_N.uasset"
[2016.10.26-17.50.48:426][  0]LogPackFactory: Copied "../../../Samples/StarterContent/Content/StarterContent/Textures/T_Rock_Smooth_Granite_D.uasset" to "E:/SeniorDesignMain/Content/StarterContent/Textures/T_Rock_Smooth_Granite_D.uasset"
[2016.10.26-17.50.48:463][  0]LogPackFactory: Copied "../../../Samples/StarterContent/Content/StarterContent/Textures/T_Shelf_M.uasset" to "E:/SeniorDesignMain/Content/StarterContent/Textures/T_Shelf_M.uasset"
[2016.10.26-17.50.48:539][  0]LogPackFactory: Copied "../../../Samples/StarterContent/Content/StarterContent/Textures/T_Shelf_N.uasset" to "E:/SeniorDesignMain/Content/StarterContent/Textures/T_Shelf_N.uasset"
[2016.10.26-17.50.48:552][  0]LogPackFactory: Copied "../../../Samples/StarterContent/Content/StarterContent/Textures/T_Single_Tile_N.uasset" to "E:/SeniorDesignMain/Content/StarterContent/Textures/T_Single_Tile_N.uasset"
[2016.10.26-17.50.48:679][  0]LogPackFactory: Copied "../../../Samples/StarterContent/Content/StarterContent/Textures/T_Smoke_SubUV.uasset" to "E:/SeniorDesignMain/Content/StarterContent/Textures/T_Smoke_SubUV.uasset"
[2016.10.26-17.50.48:716][  0]LogPackFactory: Copied "../../../Samples/StarterContent/Content/StarterContent/Textures/T_Smoke_Tiled_D.uasset" to "E:/SeniorDesignMain/Content/StarterContent/Textures/T_Smoke_Tiled_D.uasset"
[2016.10.26-17.50.48:747][  0]LogPackFactory: Copied "../../../Samples/StarterContent/Content/StarterContent/Textures/T_Spark_Core.uasset" to "E:/SeniorDesignMain/Content/StarterContent/Textures/T_Spark_Core.uasset"
[2016.10.26-17.50.48:859][  0]LogPackFactory: Copied "../../../Samples/StarterContent/Content/StarterContent/Textures/T_Statue_M.uasset" to "E:/SeniorDesignMain/Content/StarterContent/Textures/T_Statue_M.uasset"
[2016.10.26-17.50.48:927][  0]LogPackFactory: Copied "../../../Samples/StarterContent/Content/StarterContent/Textures/T_Statue_N.uasset" to "E:/SeniorDesignMain/Content/StarterContent/Textures/T_Statue_N.uasset"
[2016.10.26-17.50.49:080][  0]LogPackFactory: Copied "../../../Samples/StarterContent/Content/StarterContent/Textures/T_TableRound_M.uasset" to "E:/SeniorDesignMain/Content/StarterContent/Textures/T_TableRound_M.uasset"
[2016.10.26-17.50.49:399][  0]LogPackFactory: Copied "../../../Samples/StarterContent/Content/StarterContent/Textures/T_TableRound_N.uasset" to "E:/SeniorDesignMain/Content/StarterContent/Textures/T_TableRound_N.uasset"
[2016.10.26-17.50.49:439][  0]LogPackFactory: Copied "../../../Samples/StarterContent/Content/StarterContent/Textures/T_Tech_Dot_M.uasset" to "E:/SeniorDesignMain/Content/StarterContent/Textures/T_Tech_Dot_M.uasset"
[2016.10.26-17.50.49:471][  0]LogPackFactory: Copied "../../../Samples/StarterContent/Content/StarterContent/Textures/T_Tech_Dot_N.uasset" to "E:/SeniorDesignMain/Content/StarterContent/Textures/T_Tech_Dot_N.uasset"
[2016.10.26-17.50.49:517][  0]LogPackFactory: Copied "../../../Samples/StarterContent/Content/StarterContent/Textures/T_Tech_Hex_Tile_M.uasset" to "E:/SeniorDesignMain/Content/StarterContent/Textures/T_Tech_Hex_Tile_M.uasset"
[2016.10.26-17.50.49:550][  0]LogPackFactory: Copied "../../../Samples/StarterContent/Content/StarterContent/Textures/T_Tech_Hex_Tile_N.uasset" to "E:/SeniorDesignMain/Content/StarterContent/Textures/T_Tech_Hex_Tile_N.uasset"
[2016.10.26-17.50.49:590][  0]LogPackFactory: Copied "../../../Samples/StarterContent/Content/StarterContent/Textures/T_Tech_Panel_M.uasset" to "E:/SeniorDesignMain/Content/StarterContent/Textures/T_Tech_Panel_M.uasset"
[2016.10.26-17.50.49:675][  0]LogPackFactory: Copied "../../../Samples/StarterContent/Content/StarterContent/Textures/T_Tech_Panel_N.uasset" to "E:/SeniorDesignMain/Content/StarterContent/Textures/T_Tech_Panel_N.uasset"
[2016.10.26-17.50.49:738][  0]LogPackFactory: Copied "../../../Samples/StarterContent/Content/StarterContent/Textures/T_Water_M.uasset" to "E:/SeniorDesignMain/Content/StarterContent/Textures/T_Water_M.uasset"
[2016.10.26-17.50.49:812][  0]LogPackFactory: Copied "../../../Samples/StarterContent/Content/StarterContent/Textures/T_Water_N.uasset" to "E:/SeniorDesignMain/Content/StarterContent/Textures/T_Water_N.uasset"
[2016.10.26-17.50.50:022][  0]LogPackFactory: Copied "../../../Samples/StarterContent/Content/StarterContent/Textures/T_Wood_Floor_Walnut_D.uasset" to "E:/SeniorDesignMain/Content/StarterContent/Textures/T_Wood_Floor_Walnut_D.uasset"
[2016.10.26-17.50.50:181][  0]LogPackFactory: Copied "../../../Samples/StarterContent/Content/StarterContent/Textures/T_Wood_Floor_Walnut_M.uasset" to "E:/SeniorDesignMain/Content/StarterContent/Textures/T_Wood_Floor_Walnut_M.uasset"
[2016.10.26-17.50.50:315][  0]LogPackFactory: Copied "../../../Samples/StarterContent/Content/StarterContent/Textures/T_Wood_Floor_Walnut_N.uasset" to "E:/SeniorDesignMain/Content/StarterContent/Textures/T_Wood_Floor_Walnut_N.uasset"
[2016.10.26-17.50.50:629][  0]LogPackFactory: Copied "../../../Samples/StarterContent/Content/StarterContent/Textures/T_Wood_Oak_D.uasset" to "E:/SeniorDesignMain/Content/StarterContent/Textures/T_Wood_Oak_D.uasset"
[2016.10.26-17.50.50:859][  0]LogPackFactory: Copied "../../../Samples/StarterContent/Content/StarterContent/Textures/T_Wood_Oak_N.uasset" to "E:/SeniorDesignMain/Content/StarterContent/Textures/T_Wood_Oak_N.uasset"
[2016.10.26-17.50.51:222][  0]LogPackFactory: Copied "../../../Samples/StarterContent/Content/StarterContent/Textures/T_Wood_Pine_D.uasset" to "E:/SeniorDesignMain/Content/StarterContent/Textures/T_Wood_Pine_D.uasset"
[2016.10.26-17.50.51:382][  0]LogPackFactory: Copied "../../../Samples/StarterContent/Content/StarterContent/Textures/T_Wood_Pine_N.uasset" to "E:/SeniorDesignMain/Content/StarterContent/Textures/T_Wood_Pine_N.uasset"
[2016.10.26-17.50.51:647][  0]LogPackFactory: Copied "../../../Samples/StarterContent/Content/StarterContent/Textures/T_Wood_Walnut_D.uasset" to "E:/SeniorDesignMain/Content/StarterContent/Textures/T_Wood_Walnut_D.uasset"
[2016.10.26-17.50.51:789][  0]LogPackFactory: Copied "../../../Samples/StarterContent/Content/StarterContent/Textures/T_Wood_Walnut_N.uasset" to "E:/SeniorDesignMain/Content/StarterContent/Textures/T_Wood_Walnut_N.uasset"
[2016.10.26-17.50.51:898][  0]LogRenderer: Reallocating scene render targets to support 256x256 (Frame:2).
[2016.10.26-17.50.52:061][  0]Cmd: OBJ SAVEPACKAGE PACKAGE="/Game/StarterContent/Architecture/Floor_400x400" FILE="E:/SeniorDesignMain/Content/StarterContent/Architecture/Floor_400x400.uasset" SILENT=true
[2016.10.26-17.50.52:093][  0]LogSavePackage: Save=16.02ms
[2016.10.26-17.50.52:093][  0]LogSavePackage: Moving 'E:/SeniorDesignMain/Saved/Floor_400x400FED6FDEC401DA14AC5D0EA8E56B94C0A.tmp' to 'E:/SeniorDesignMain/Content/StarterContent/Architecture/Floor_400x400.uasset'
[2016.10.26-17.50.52:097][  0]LogSavePackage:Display: Finished SavePackage E:/SeniorDesignMain/Content/StarterContent/Architecture/Floor_400x400.uasset
[2016.10.26-17.50.52:097][  0]LogFeaturePack:Warning: Inserted 1 feature packs
[2016.10.26-17.50.52:102][  0]Cmd: MAP LOAD FILE="E:/SeniorDesignMain/Content/FirstPersonBP/Maps/FirstPersonExampleMap.umap" TEMPLATE=0 SHOWPROGRESS=1 FEATURELEVEL=3
[2016.10.26-17.50.52:102][  0]LightingResults: New page: Lighting Build
[2016.10.26-17.50.52:104][  0]MapCheck: New page: Map Check
[2016.10.26-17.50.52:104][  0]LightingResults: New page: Lighting Build
[2016.10.26-17.50.52:820][  0]LogTexture:Display: Building textures: UE4_Mannequin__normals (BC5)
[2016.10.26-17.50.53:340][  0]LogTexture:Display: Building textures: T_ML_Aluminum01_N (BC5)
[2016.10.26-17.50.53:837][  0]LogTexture:Display: Building textures: T_ML_Aluminum01 (AutoDXT)
[2016.10.26-17.50.55:740][  0]LogTexture:Display: Building textures: UE4_LOGO_CARD (AutoDXT)
[2016.10.26-17.50.55:910][  0]LogTexture:Display: Building textures: T_ML_Rubber_Blue_01_N (BC5)
[2016.10.26-17.50.56:395][  0]LogTexture:Display: Building textures: T_ML_Rubber_Blue_01_D (AutoDXT)
[2016.10.26-17.50.58:323][  0]LogTexture:Display: Building textures: FirstPersonCrosshair (AutoDXT)
[2016.10.26-17.50.58:442][  0]LogTexture:Display: Building textures: T_FPGun_N (BC5)
[2016.10.26-17.50.58:776][  0]LogTexture:Display: Building textures: T_FPGun_M (AutoDXT)
[2016.10.26-17.50.59:269][  0]LogTexture:Display: Building textures: T_ML_Aluminum01_N (BC5)
[2016.10.26-17.50.59:725][  0]LogTexture:Display: Building textures: T_ML_Aluminum01 (AutoDXT)
[2016.10.26-17.51.01:714][  0]LogTexture:Display: Building textures: T_ML_Rubber_Blue_01_N (BC5)
[2016.10.26-17.51.02:161][  0]LogTexture:Display: Building textures: T_ML_Rubber_Blue_01_D (AutoDXT)
[2016.10.26-17.51.04:141][  0]LogTexture:Display: Building textures: UE4_Mannequin_MAT_MASKA (AutoDXT)
[2016.10.26-17.51.04:985][  0]LogTexture:Display: Building textures: HQ_Lightmap1_1 (AutoDXT)
[2016.10.26-17.51.05:275][  0]LogTexture:Display: Building textures: HQ_Lightmap1_2 (AutoDXT)
[2016.10.26-17.51.05:536][  0]LogTexture:Display: Building textures: HQ_Lightmap1_3 (AutoDXT)
[2016.10.26-17.51.05:808][  0]LogTexture:Display: Building textures: HQ_Lightmap1_4 (AutoDXT)
[2016.10.26-17.51.06:092][  0]LogTexture:Display: Building textures: HQ_Lightmap1_5 (AutoDXT)
[2016.10.26-17.51.06:573][  0]LogTexture:Display: Building textures: HQ_Lightmap1_6 (AutoDXT)
[2016.10.26-17.51.06:976][  0]LogTexture:Display: Building textures: HQ_Lightmap1_7 (AutoDXT)
[2016.10.26-17.51.07:218][  0]LogTexture:Display: Building textures: HQ_Lightmap1_8 (AutoDXT)
[2016.10.26-17.51.07:256][  0]LogTexture:Display: Building textures: LQ_Lightmap_1_1 (DXT1)
[2016.10.26-17.51.07:458][  0]LogTexture:Display: Building textures: LQ_Lightmap_1_2 (DXT1)
[2016.10.26-17.51.07:652][  0]LogTexture:Display: Building textures: LQ_Lightmap_1_3 (DXT1)
[2016.10.26-17.51.07:840][  0]LogTexture:Display: Building textures: LQ_Lightmap_1_4 (DXT1)
[2016.10.26-17.51.08:033][  0]LogTexture:Display: Building textures: LQ_Lightmap_1_5 (DXT1)
[2016.10.26-17.51.08:253][  0]LogTexture:Display: Building textures: LQ_Lightmap_1_6 (DXT1)
[2016.10.26-17.51.08:462][  0]LogTexture:Display: Building textures: LQ_Lightmap_1_7 (DXT1)
[2016.10.26-17.51.08:617][  0]LogTexture:Display: Building textures: LQ_Lightmap_1_8 (DXT1)
[2016.10.26-17.51.08:621][  0]LogTexture:Display: Building textures: SkyOcclusion0_8 (AutoDXT)
[2016.10.26-17.51.08:641][  0]LogTexture:Display: Building textures: SkyOcclusion1_1 (AutoDXT)
[2016.10.26-17.51.08:786][  0]LogTexture:Display: Building textures: SkyOcclusion1_2 (AutoDXT)
[2016.10.26-17.51.08:921][  0]LogTexture:Display: Building textures: SkyOcclusion1_3 (AutoDXT)
[2016.10.26-17.51.09:068][  0]LogTexture:Display: Building textures: SkyOcclusion1_4 (AutoDXT)
[2016.10.26-17.51.09:196][  0]LogTexture:Display: Building textures: SkyOcclusion1_5 (AutoDXT)
[2016.10.26-17.51.09:361][  0]LogTexture:Display: Building textures: SkyOcclusion1_6 (AutoDXT)
[2016.10.26-17.51.09:535][  0]LogTexture:Display: Building textures: SkyOcclusion1_7 (AutoDXT)
[2016.10.26-17.51.09:669][  0]LogTexture:Display: Building textures: ShadowMapTexture2D_10 (G8)
[2016.10.26-17.51.09:736][  0]LogTexture:Display: Building textures: ShadowMapTexture2D_11 (G8)
[2016.10.26-17.51.09:805][  0]LogTextu